2023-04-13T15:20:38.380+05:30  INFO 8356 --- [restartedMain] c.pms.AuthenticationServiceApplication   : Starting AuthenticationServiceApplication using Java 17.0.6 with PID 8356 (C:\Users\kushw\Documents\g2-local-backend-services\g2-Authentication-service\target\classes started by kushw in C:\Users\kushw\Documents\g2-local-backend-services\g2-Authentication-service)
2023-04-13T15:20:38.387+05:30  INFO 8356 --- [restartedMain] c.pms.AuthenticationServiceApplication   : No active profile set, falling back to 1 default profile: "default"
2023-04-13T15:20:38.470+05:30  INFO 8356 --- [restartedMain] .e.DevToolsPropertyDefaultsPostProcessor : For additional web related logging consider setting the 'logging.level.web' property to 'DEBUG'
2023-04-13T15:20:40.055+05:30  INFO 8356 --- [restartedMain] .s.d.r.c.RepositoryConfigurationDelegate : Bootstrapping Spring Data JPA repositories in DEFAULT mode.
2023-04-13T15:20:40.224+05:30  INFO 8356 --- [restartedMain] .s.d.r.c.RepositoryConfigurationDelegate : Finished Spring Data repository scanning in 157 ms. Found 1 JPA repository interfaces.
2023-04-13T15:20:40.785+05:30  INFO 8356 --- [restartedMain] o.s.cloud.context.scope.GenericScope     : BeanFactory id=ceafd992-fb66-3a14-8d79-35e97a30bc5b
2023-04-13T15:20:40.929+05:30  INFO 8356 --- [restartedMain] trationDelegate$BeanPostProcessorChecker : Bean 'org.springframework.ws.config.annotation.DelegatingWsConfiguration' of type [org.springframework.ws.config.annotation.DelegatingWsConfiguration$$SpringCGLIB$$0] is not eligible for getting processed by all BeanPostProcessors (for example: not eligible for auto-proxying)
2023-04-13T15:20:40.985+05:30  INFO 8356 --- [restartedMain] .w.s.a.s.AnnotationActionEndpointMapping : Supporting [WS-Addressing August 2004, WS-Addressing 1.0]
2023-04-13T15:20:41.281+05:30  INFO 8356 --- [restartedMain] trationDelegate$BeanPostProcessorChecker : Bean 'org.springframework.cloud.client.loadbalancer.reactive.LoadBalancerBeanPostProcessorAutoConfiguration' of type [org.springframework.cloud.client.loadbalancer.reactive.LoadBalancerBeanPostProcessorAutoConfiguration] is not eligible for getting processed by all BeanPostProcessors (for example: not eligible for auto-proxying)
2023-04-13T15:20:41.286+05:30  INFO 8356 --- [restartedMain] trationDelegate$BeanPostProcessorChecker : Bean 'org.springframework.cloud.client.loadbalancer.reactive.LoadBalancerBeanPostProcessorAutoConfiguration$ReactorDeferringLoadBalancerFilterConfig' of type [org.springframework.cloud.client.loadbalancer.reactive.LoadBalancerBeanPostProcessorAutoConfiguration$ReactorDeferringLoadBalancerFilterConfig] is not eligible for getting processed by all BeanPostProcessors (for example: not eligible for auto-proxying)
2023-04-13T15:20:41.291+05:30  INFO 8356 --- [restartedMain] trationDelegate$BeanPostProcessorChecker : Bean 'reactorDeferringLoadBalancerExchangeFilterFunction' of type [org.springframework.cloud.client.loadbalancer.reactive.DeferringLoadBalancerExchangeFilterFunction] is not eligible for getting processed by all BeanPostProcessors (for example: not eligible for auto-proxying)
2023-04-13T15:20:41.720+05:30  INFO 8356 --- [restartedMain] o.s.b.w.embedded.tomcat.TomcatWebServer  : Tomcat initialized with port(s): 9004 (http)
2023-04-13T15:20:41.737+05:30  INFO 8356 --- [restartedMain] o.apache.catalina.core.StandardService   : Starting service [Tomcat]
2023-04-13T15:20:41.737+05:30  INFO 8356 --- [restartedMain] o.apache.catalina.core.StandardEngine    : Starting Servlet engine: [Apache Tomcat/10.1.7]
2023-04-13T15:20:41.872+05:30  INFO 8356 --- [restartedMain] o.a.c.c.C.[Tomcat].[localhost].[/]       : Initializing Spring embedded WebApplicationContext
2023-04-13T15:20:41.873+05:30  INFO 8356 --- [restartedMain] w.s.c.ServletWebServerApplicationContext : Root WebApplicationContext: initialization completed in 3402 ms
2023-04-13T15:20:42.843+05:30  INFO 8356 --- [restartedMain] com.zaxxer.hikari.HikariDataSource       : HikariPool-1 - Starting...
2023-04-13T15:20:43.234+05:30  INFO 8356 --- [restartedMain] com.zaxxer.hikari.pool.HikariPool        : HikariPool-1 - Added connection com.mysql.cj.jdbc.ConnectionImpl@7ed42cd1
2023-04-13T15:20:43.237+05:30  INFO 8356 --- [restartedMain] com.zaxxer.hikari.HikariDataSource       : HikariPool-1 - Start completed.
2023-04-13T15:20:43.267+05:30  INFO 8356 --- [restartedMain] SQL dialect                              : HHH000400: Using dialect: org.hibernate.dialect.MySQL8Dialect
2023-04-13T15:20:44.504+05:30  INFO 8356 --- [restartedMain] j.LocalContainerEntityManagerFactoryBean : Initialized JPA EntityManagerFactory for persistence unit 'default'
2023-04-13T15:20:45.384+05:30  WARN 8356 --- [restartedMain] JpaBaseConfiguration$JpaWebConfiguration : spring.jpa.open-in-view is enabled by default. Therefore, database queries may be performed during view rendering. Explicitly configure spring.jpa.open-in-view to disable this warning
2023-04-13T15:20:49.427+05:30  WARN 8356 --- [restartedMain] o.s.b.d.a.OptionalLiveReloadServer       : Unable to start LiveReload server
2023-04-13T15:20:49.804+05:30  WARN 8356 --- [restartedMain] iguration$LoadBalancerCaffeineWarnLogger : Spring Cloud LoadBalancer is currently working with the default cache. While this cache implementation is useful for development and tests, it's recommended to use Caffeine cache in production.You can switch to using Caffeine cache, by adding it and org.springframework.cache.caffeine.CaffeineCacheManager to the classpath.
2023-04-13T15:20:49.817+05:30  INFO 8356 --- [restartedMain] o.s.b.a.e.web.EndpointLinksResolver      : Exposing 1 endpoint(s) beneath base path '/actuator'
2023-04-13T15:20:49.978+05:30  INFO 8356 --- [restartedMain] o.s.b.w.embedded.tomcat.TomcatWebServer  : Tomcat started on port(s): 9004 (http) with context path ''
2023-04-13T15:20:49.982+05:30  INFO 8356 --- [restartedMain] o.s.c.c.s.ConsulServiceRegistry          : Registering service with consul: NewService{id='g2-authentication-service-9004', name='g2-authentication-service', tags=[], address='DESKTOP-RG9A2JG', meta={secure=false}, port=9004, enableTagOverride=null, check=Check{script='null', dockerContainerID='null', shell='null', interval='12s', ttl='null', http='http://DESKTOP-RG9A2JG:9004/actuator/health', method='null', header={}, tcp='null', timeout='null', deregisterCriticalServiceAfter='null', tlsSkipVerify=null, status='null', grpc='null', grpcUseTLS=null}, checks=null}
2023-04-13T15:20:50.211+05:30  INFO 8356 --- [http-nio-9004-exec-1] o.a.c.c.C.[Tomcat].[localhost].[/]       : Initializing Spring DispatcherServlet 'dispatcherServlet'
2023-04-13T15:20:50.211+05:30  INFO 8356 --- [http-nio-9004-exec-1] o.s.web.servlet.DispatcherServlet        : Initializing Servlet 'dispatcherServlet'
2023-04-13T15:20:50.215+05:30  INFO 8356 --- [http-nio-9004-exec-1] o.s.web.servlet.DispatcherServlet        : Completed initialization in 3 ms
2023-04-13T15:20:50.469+05:30  INFO 8356 --- [restartedMain] c.pms.AuthenticationServiceApplication   : Started AuthenticationServiceApplication in 12.794 seconds (process running for 13.913)
2023-04-13T15:21:24.961+05:30  WARN 8356 --- [http-nio-9004-exec-4] o.a.c.util.SessionIdGeneratorBase        : Creation of SecureRandom instance for session ID generation using [SHA1PRNG] took [131] milliseconds.
