2023-04-13T01:32:54.667+05:30  INFO 11120 --- [main] c.p.G2PatientInfoServiceApplicationTests : Starting G2PatientInfoServiceApplicationTests using Java 17.0.6 with PID 11120 (started by kushw in C:\Users\kushw\Documents\g2-local-backend-services\g2-patient-info-service)
2023-04-13T01:32:54.686+05:30  INFO 11120 --- [main] c.p.G2PatientInfoServiceApplicationTests : The following 1 profile is active: "local"
2023-04-13T01:32:57.826+05:30  INFO 11120 --- [main] .s.d.r.c.RepositoryConfigurationDelegate : Bootstrapping Spring Data JPA repositories in DEFAULT mode.
2023-04-13T01:32:58.181+05:30  INFO 11120 --- [main] .s.d.r.c.RepositoryConfigurationDelegate : Finished Spring Data repository scanning in 338 ms. Found 1 JPA repository interfaces.
2023-04-13T01:32:59.220+05:30  INFO 11120 --- [main] o.s.cloud.context.scope.GenericScope     : BeanFactory id=ff9fe0df-c6e9-385d-8f3d-3441bd92d5b9
2023-04-13T01:32:59.552+05:30  INFO 11120 --- [main] trationDelegate$BeanPostProcessorChecker : Bean 'org.springframework.ws.config.annotation.DelegatingWsConfiguration' of type [org.springframework.ws.config.annotation.DelegatingWsConfiguration$$SpringCGLIB$$0] is not eligible for getting processed by all BeanPostProcessors (for example: not eligible for auto-proxying)
2023-04-13T01:32:59.625+05:30  INFO 11120 --- [main] .w.s.a.s.AnnotationActionEndpointMapping : Supporting [WS-Addressing August 2004, WS-Addressing 1.0]
2023-04-13T01:33:00.252+05:30  INFO 11120 --- [main] trationDelegate$BeanPostProcessorChecker : Bean 'org.springframework.cloud.client.loadbalancer.reactive.LoadBalancerBeanPostProcessorAutoConfiguration' of type [org.springframework.cloud.client.loadbalancer.reactive.LoadBalancerBeanPostProcessorAutoConfiguration] is not eligible for getting processed by all BeanPostProcessors (for example: not eligible for auto-proxying)
2023-04-13T01:33:00.265+05:30  INFO 11120 --- [main] trationDelegate$BeanPostProcessorChecker : Bean 'org.springframework.cloud.client.loadbalancer.reactive.LoadBalancerBeanPostProcessorAutoConfiguration$ReactorDeferringLoadBalancerFilterConfig' of type [org.springframework.cloud.client.loadbalancer.reactive.LoadBalancerBeanPostProcessorAutoConfiguration$ReactorDeferringLoadBalancerFilterConfig] is not eligible for getting processed by all BeanPostProcessors (for example: not eligible for auto-proxying)
2023-04-13T01:33:00.280+05:30  INFO 11120 --- [main] trationDelegate$BeanPostProcessorChecker : Bean 'reactorDeferringLoadBalancerExchangeFilterFunction' of type [org.springframework.cloud.client.loadbalancer.reactive.DeferringLoadBalancerExchangeFilterFunction] is not eligible for getting processed by all BeanPostProcessors (for example: not eligible for auto-proxying)
2023-04-13T01:33:01.815+05:30  INFO 11120 --- [main] com.zaxxer.hikari.HikariDataSource       : HikariPool-1 - Starting...
2023-04-13T01:33:02.578+05:30  INFO 11120 --- [main] com.zaxxer.hikari.pool.HikariPool        : HikariPool-1 - Added connection com.mysql.cj.jdbc.ConnectionImpl@cc7909f
2023-04-13T01:33:02.583+05:30  INFO 11120 --- [main] com.zaxxer.hikari.HikariDataSource       : HikariPool-1 - Start completed.
2023-04-13T01:33:02.636+05:30  INFO 11120 --- [main] SQL dialect                              : HHH000400: Using dialect: org.hibernate.dialect.MySQL8Dialect
2023-04-13T01:33:04.582+05:30  INFO 11120 --- [main] j.LocalContainerEntityManagerFactoryBean : Initialized JPA EntityManagerFactory for persistence unit 'default'
2023-04-13T01:33:07.079+05:30  WARN 11120 --- [main] JpaBaseConfiguration$JpaWebConfiguration : spring.jpa.open-in-view is enabled by default. Therefore, database queries may be performed during view rendering. Explicitly configure spring.jpa.open-in-view to disable this warning
2023-04-13T01:33:15.240+05:30  WARN 11120 --- [main] iguration$LoadBalancerCaffeineWarnLogger : Spring Cloud LoadBalancer is currently working with the default cache. While this cache implementation is useful for development and tests, it's recommended to use Caffeine cache in production.You can switch to using Caffeine cache, by adding it and org.springframework.cache.caffeine.CaffeineCacheManager to the classpath.
2023-04-13T01:33:15.278+05:30  INFO 11120 --- [main] o.s.b.a.e.web.EndpointLinksResolver      : Exposing 1 endpoint(s) beneath base path '/actuator'
2023-04-13T01:33:15.506+05:30  INFO 11120 --- [main] c.p.G2PatientInfoServiceApplicationTests : Started G2PatientInfoServiceApplicationTests in 21.826 seconds (process running for 24.511)
2023-04-13T01:33:16.278+05:30  INFO 11120 --- [SpringApplicationShutdownHook] j.LocalContainerEntityManagerFactoryBean : Closing JPA EntityManagerFactory for persistence unit 'default'
2023-04-13T01:33:16.283+05:30  INFO 11120 --- [SpringApplicationShutdownHook] com.zaxxer.hikari.HikariDataSource       : HikariPool-1 - Shutdown initiated...
2023-04-13T01:33:16.314+05:30  INFO 11120 --- [SpringApplicationShutdownHook] com.zaxxer.hikari.HikariDataSource       : HikariPool-1 - Shutdown completed.
2023-04-13T01:33:26.342+05:30  INFO 16576 --- [restartedMain] c.pms.G2PatientInfoServiceApplication    : Starting G2PatientInfoServiceApplication using Java 17.0.6 with PID 16576 (C:\Users\kushw\Documents\g2-local-backend-services\g2-patient-info-service\target\classes started by kushw in C:\Users\kushw\Documents\g2-local-backend-services\g2-patient-info-service)
2023-04-13T01:33:26.347+05:30  INFO 16576 --- [restartedMain] c.pms.G2PatientInfoServiceApplication    : The following 1 profile is active: "local"
2023-04-13T01:33:26.443+05:30  INFO 16576 --- [restartedMain] .e.DevToolsPropertyDefaultsPostProcessor : For additional web related logging consider setting the 'logging.level.web' property to 'DEBUG'
2023-04-13T01:33:28.628+05:30  INFO 16576 --- [restartedMain] .s.d.r.c.RepositoryConfigurationDelegate : Bootstrapping Spring Data JPA repositories in DEFAULT mode.
2023-04-13T01:33:28.894+05:30  INFO 16576 --- [restartedMain] .s.d.r.c.RepositoryConfigurationDelegate : Finished Spring Data repository scanning in 251 ms. Found 1 JPA repository interfaces.
2023-04-13T01:33:29.666+05:30  INFO 16576 --- [restartedMain] o.s.cloud.context.scope.GenericScope     : BeanFactory id=1a47b580-c502-3951-b136-bb4c4035a0c6
2023-04-13T01:33:29.895+05:30  INFO 16576 --- [restartedMain] trationDelegate$BeanPostProcessorChecker : Bean 'org.springframework.ws.config.annotation.DelegatingWsConfiguration' of type [org.springframework.ws.config.annotation.DelegatingWsConfiguration$$SpringCGLIB$$0] is not eligible for getting processed by all BeanPostProcessors (for example: not eligible for auto-proxying)
2023-04-13T01:33:29.966+05:30  INFO 16576 --- [restartedMain] .w.s.a.s.AnnotationActionEndpointMapping : Supporting [WS-Addressing August 2004, WS-Addressing 1.0]
2023-04-13T01:33:30.380+05:30  INFO 16576 --- [restartedMain] trationDelegate$BeanPostProcessorChecker : Bean 'org.springframework.cloud.client.loadbalancer.reactive.LoadBalancerBeanPostProcessorAutoConfiguration' of type [org.springframework.cloud.client.loadbalancer.reactive.LoadBalancerBeanPostProcessorAutoConfiguration] is not eligible for getting processed by all BeanPostProcessors (for example: not eligible for auto-proxying)
2023-04-13T01:33:30.391+05:30  INFO 16576 --- [restartedMain] trationDelegate$BeanPostProcessorChecker : Bean 'org.springframework.cloud.client.loadbalancer.reactive.LoadBalancerBeanPostProcessorAutoConfiguration$ReactorDeferringLoadBalancerFilterConfig' of type [org.springframework.cloud.client.loadbalancer.reactive.LoadBalancerBeanPostProcessorAutoConfiguration$ReactorDeferringLoadBalancerFilterConfig] is not eligible for getting processed by all BeanPostProcessors (for example: not eligible for auto-proxying)
2023-04-13T01:33:30.397+05:30  INFO 16576 --- [restartedMain] trationDelegate$BeanPostProcessorChecker : Bean 'reactorDeferringLoadBalancerExchangeFilterFunction' of type [org.springframework.cloud.client.loadbalancer.reactive.DeferringLoadBalancerExchangeFilterFunction] is not eligible for getting processed by all BeanPostProcessors (for example: not eligible for auto-proxying)
2023-04-13T01:33:31.078+05:30  INFO 16576 --- [restartedMain] o.s.b.w.embedded.tomcat.TomcatWebServer  : Tomcat initialized with port(s): 9005 (http)
2023-04-13T01:33:31.103+05:30  INFO 16576 --- [restartedMain] o.apache.catalina.core.StandardService   : Starting service [Tomcat]
2023-04-13T01:33:31.103+05:30  INFO 16576 --- [restartedMain] o.apache.catalina.core.StandardEngine    : Starting Servlet engine: [Apache Tomcat/10.1.7]
2023-04-13T01:33:31.274+05:30  INFO 16576 --- [restartedMain] o.a.c.c.C.[Tomcat].[localhost].[/]       : Initializing Spring embedded WebApplicationContext
2023-04-13T01:33:31.275+05:30  INFO 16576 --- [restartedMain] w.s.c.ServletWebServerApplicationContext : Root WebApplicationContext: initialization completed in 4830 ms
2023-04-13T01:33:32.544+05:30  INFO 16576 --- [restartedMain] com.zaxxer.hikari.HikariDataSource       : HikariPool-1 - Starting...
2023-04-13T01:33:33.049+05:30  INFO 16576 --- [restartedMain] com.zaxxer.hikari.pool.HikariPool        : HikariPool-1 - Added connection com.mysql.cj.jdbc.ConnectionImpl@1bee9e26
2023-04-13T01:33:33.056+05:30  INFO 16576 --- [restartedMain] com.zaxxer.hikari.HikariDataSource       : HikariPool-1 - Start completed.
2023-04-13T01:33:33.095+05:30  INFO 16576 --- [restartedMain] SQL dialect                              : HHH000400: Using dialect: org.hibernate.dialect.MySQL8Dialect
2023-04-13T01:33:34.561+05:30  INFO 16576 --- [restartedMain] j.LocalContainerEntityManagerFactoryBean : Initialized JPA EntityManagerFactory for persistence unit 'default'
2023-04-13T01:33:35.956+05:30  WARN 16576 --- [restartedMain] JpaBaseConfiguration$JpaWebConfiguration : spring.jpa.open-in-view is enabled by default. Therefore, database queries may be performed during view rendering. Explicitly configure spring.jpa.open-in-view to disable this warning
2023-04-13T01:33:40.673+05:30  WARN 16576 --- [restartedMain] o.s.b.d.a.OptionalLiveReloadServer       : Unable to start LiveReload server
2023-04-13T01:33:41.224+05:30  WARN 16576 --- [restartedMain] iguration$LoadBalancerCaffeineWarnLogger : Spring Cloud LoadBalancer is currently working with the default cache. While this cache implementation is useful for development and tests, it's recommended to use Caffeine cache in production.You can switch to using Caffeine cache, by adding it and org.springframework.cache.caffeine.CaffeineCacheManager to the classpath.
2023-04-13T01:33:41.244+05:30  INFO 16576 --- [restartedMain] o.s.b.a.e.web.EndpointLinksResolver      : Exposing 1 endpoint(s) beneath base path '/actuator'
2023-04-13T01:33:41.431+05:30  INFO 16576 --- [restartedMain] o.s.b.w.embedded.tomcat.TomcatWebServer  : Tomcat started on port(s): 9005 (http) with context path ''
2023-04-13T01:33:41.440+05:30  INFO 16576 --- [restartedMain] o.s.c.c.s.ConsulServiceRegistry          : Registering service with consul: NewService{id='g2-patient-info-service-9005', name='g2-patient-info-service', tags=[], address='DESKTOP-RG9A2JG', meta={secure=false}, port=9005, enableTagOverride=null, check=Check{script='null', dockerContainerID='null', shell='null', interval='12s', ttl='null', http='http://DESKTOP-RG9A2JG:9005/actuator/health', method='null', header={}, tcp='null', timeout='null', deregisterCriticalServiceAfter='null', tlsSkipVerify=null, status='null', grpc='null', grpcUseTLS=null}, checks=null}
2023-04-13T01:33:41.949+05:30  INFO 16576 --- [restartedMain] c.pms.G2PatientInfoServiceApplication    : Started G2PatientInfoServiceApplication in 16.589 seconds (process running for 17.608)
2023-04-13T01:33:49.613+05:30  INFO 16576 --- [http-nio-9005-exec-1] o.a.c.c.C.[Tomcat].[localhost].[/]       : Initializing Spring DispatcherServlet 'dispatcherServlet'
2023-04-13T01:33:49.614+05:30  INFO 16576 --- [http-nio-9005-exec-1] o.s.web.servlet.DispatcherServlet        : Initializing Servlet 'dispatcherServlet'
2023-04-13T01:33:49.618+05:30  INFO 16576 --- [http-nio-9005-exec-1] o.s.web.servlet.DispatcherServlet        : Completed initialization in 4 ms
2023-04-13T01:36:45.155+05:30  INFO 16576 --- [http-nio-9005-exec-10] com.pms.controller.CentralizedLogging    : -----#####----->before @showAvailability:[PA009790]
2023-04-13T01:36:45.548+05:30  INFO 16576 --- [http-nio-9005-exec-10] com.pms.controller.CentralizedLogging    : -----#####----->after @showAvailability:[PA009790], result: <200 OK OK,PatientInfo(patientId=PA009790, email=ck@gmail.com, title=Mr, firstName=ck, lastName=kushwah, dob=09-03-2000, contactNumber=9876543210, password=1234567890, gender=male, address=mandleshwar),[]>
2023-04-13T02:02:06.556+05:30  INFO 16576 --- [http-nio-9005-exec-3] com.pms.controller.CentralizedLogging    : -----#####----->before @showAllAvailability:[]
2023-04-13T02:02:06.990+05:30  INFO 16576 --- [http-nio-9005-exec-3] com.pms.controller.CentralizedLogging    : -----#####----->after @showAllAvailability:[], result: <200 OK OK,[PatientInfo(patientId=PA000047, email=rahulprasadrp07@gmail.com, title=Mr, firstName=rahul, lastName=prasad, dob=13-06-2001, contactNumber=9865321478, password=1234567890, gender=male, address=bihar), PatientInfo(patientId=PA0029B0, email=dummy@mail.com, title=Mr, firstName=rahul, lastName=prasad, dob=13-06-2001, contactNumber=9865321478, password=1234567890, gender=male, address=bihar), PatientInfo(patientId=PA003841, email=rok@mail.com, title=Mr, firstName=Rock, lastName=rok, dob=08-02-2000, contactNumber=8446964, password=123456, gender=male, address=Nepal), PatientInfo(patientId=PA003B8D, email=noor@gmail.com, title=Mr, firstName=noor, lastName=ali, dob=2000-03-09, contactNumber=9876543210, password=1234567890, gender=M, address=mandleshwar), PatientInfo(patientId=PA00742A, email=rahul1@gmail.com, title=Mr, firstName=noor, lastName=ali, dob=2000-03-09, contactNumber=9876543210, password=1234567890, gender=M, address=mandleshwar), PatientInfo(patientId=PA00880E, email=roshansah400@gmail.com, title=Mr, firstName=Roshan, lastName=Sah, dob=24-02-2000, contactNumber=8456451515, password=12345678, gender=male, address=Nepal), PatientInfo(patientId=PA009790, email=ck@gmail.com, title=Mr, firstName=ck, lastName=kushwah, dob=09-03-2000, contactNumber=9876543210, password=1234567890, gender=male, address=mandleshwar), PatientInfo(patientId=PA009941, email=rahul@gmail.com, title=Mr, firstName=noor, lastName=ali, dob=2000-03-09, contactNumber=9876543210, password=1234567890, gender=M, address=mandleshwar), PatientInfo(patientId=PA00C8DD, email=cks@gmail.com, title=Mr, firstName=Roshan, lastName=Sah, dob=10-04-2023, contactNumber=684845468, password=123456789, gender=male, address=NEpal), PatientInfo(patientId=PA00F687, email=kushwahchiranjiv09@gmail.com, title=Mr, firstName=chiranjiv, lastName=kushwah, dob=2000-03-09, contactNumber=9876543210, password=1234567890, gender=M, address=mandleshwar), PatientInfo(patientId=PA00FF7A, email=a@a.com, title=Mr, firstName=Chiranjiv, lastName=Kushwah, dob=11-04-2023, contactNumber=74894985, password=123456789, gender=male, address=Indore)],[]>
2023-04-13T02:02:10.196+05:30  INFO 16576 --- [http-nio-9005-exec-10] com.pms.controller.CentralizedLogging    : -----#####----->before @showAllAvailability:[]
2023-04-13T02:02:10.220+05:30  INFO 16576 --- [http-nio-9005-exec-10] com.pms.controller.CentralizedLogging    : -----#####----->after @showAllAvailability:[], result: <200 OK OK,[PatientInfo(patientId=PA000047, email=rahulprasadrp07@gmail.com, title=Mr, firstName=rahul, lastName=prasad, dob=13-06-2001, contactNumber=9865321478, password=1234567890, gender=male, address=bihar), PatientInfo(patientId=PA0029B0, email=dummy@mail.com, title=Mr, firstName=rahul, lastName=prasad, dob=13-06-2001, contactNumber=9865321478, password=1234567890, gender=male, address=bihar), PatientInfo(patientId=PA003841, email=rok@mail.com, title=Mr, firstName=Rock, lastName=rok, dob=08-02-2000, contactNumber=8446964, password=123456, gender=male, address=Nepal), PatientInfo(patientId=PA003B8D, email=noor@gmail.com, title=Mr, firstName=noor, lastName=ali, dob=2000-03-09, contactNumber=9876543210, password=1234567890, gender=M, address=mandleshwar), PatientInfo(patientId=PA00742A, email=rahul1@gmail.com, title=Mr, firstName=noor, lastName=ali, dob=2000-03-09, contactNumber=9876543210, password=1234567890, gender=M, address=mandleshwar), PatientInfo(patientId=PA00880E, email=roshansah400@gmail.com, title=Mr, firstName=Roshan, lastName=Sah, dob=24-02-2000, contactNumber=8456451515, password=12345678, gender=male, address=Nepal), PatientInfo(patientId=PA009790, email=ck@gmail.com, title=Mr, firstName=ck, lastName=kushwah, dob=09-03-2000, contactNumber=9876543210, password=1234567890, gender=male, address=mandleshwar), PatientInfo(patientId=PA009941, email=rahul@gmail.com, title=Mr, firstName=noor, lastName=ali, dob=2000-03-09, contactNumber=9876543210, password=1234567890, gender=M, address=mandleshwar), PatientInfo(patientId=PA00C8DD, email=cks@gmail.com, title=Mr, firstName=Roshan, lastName=Sah, dob=10-04-2023, contactNumber=684845468, password=123456789, gender=male, address=NEpal), PatientInfo(patientId=PA00F687, email=kushwahchiranjiv09@gmail.com, title=Mr, firstName=chiranjiv, lastName=kushwah, dob=2000-03-09, contactNumber=9876543210, password=1234567890, gender=M, address=mandleshwar), PatientInfo(patientId=PA00FF7A, email=a@a.com, title=Mr, firstName=Chiranjiv, lastName=Kushwah, dob=11-04-2023, contactNumber=74894985, password=123456789, gender=male, address=Indore)],[]>
2023-04-13T02:09:32.613+05:30  INFO 16576 --- [http-nio-9005-exec-3] com.pms.controller.CentralizedLogging    : -----#####----->before @showAvailability:[PA000047]
2023-04-13T02:09:32.641+05:30  INFO 16576 --- [http-nio-9005-exec-3] com.pms.controller.CentralizedLogging    : -----#####----->after @showAvailability:[PA000047], result: <200 OK OK,PatientInfo(patientId=PA000047, email=rahulprasadrp07@gmail.com, title=Mr, firstName=rahul, lastName=prasad, dob=13-06-2001, contactNumber=9865321478, password=1234567890, gender=male, address=bihar),[]>
2023-04-13T02:10:07.040+05:30  INFO 16576 --- [http-nio-9005-exec-8] com.pms.controller.CentralizedLogging    : -----#####----->before @showAvailability:[PA000047]
2023-04-13T02:10:07.047+05:30  INFO 16576 --- [http-nio-9005-exec-8] com.pms.controller.CentralizedLogging    : -----#####----->after @showAvailability:[PA000047], result: <200 OK OK,PatientInfo(patientId=PA000047, email=rahulprasadrp07@gmail.com, title=Mr, firstName=rahul, lastName=prasad, dob=13-06-2001, contactNumber=9865321478, password=1234567890, gender=male, address=bihar),[]>
2023-04-13T02:10:54.080+05:30  INFO 16576 --- [http-nio-9005-exec-6] com.pms.controller.CentralizedLogging    : -----#####----->before @showAvailability:[PA000047]
2023-04-13T02:10:54.087+05:30  INFO 16576 --- [http-nio-9005-exec-6] com.pms.controller.CentralizedLogging    : -----#####----->after @showAvailability:[PA000047], result: <200 OK OK,PatientInfo(patientId=PA000047, email=rahulprasadrp07@gmail.com, title=Mr, firstName=rahul, lastName=prasad, dob=13-06-2001, contactNumber=9865321478, password=1234567890, gender=male, address=bihar),[]>
2023-04-13T02:12:28.486+05:30  INFO 16576 --- [http-nio-9005-exec-4] com.pms.controller.CentralizedLogging    : -----#####----->before @showAvailability:[PA000047]
2023-04-13T02:12:28.497+05:30  INFO 16576 --- [http-nio-9005-exec-4] com.pms.controller.CentralizedLogging    : -----#####----->after @showAvailability:[PA000047], result: <200 OK OK,PatientInfo(patientId=PA000047, email=rahulprasadrp07@gmail.com, title=Mr, firstName=rahul, lastName=prasad, dob=13-06-2001, contactNumber=9865321478, password=1234567890, gender=male, address=bihar),[]>
2023-04-13T02:14:00.582+05:30  INFO 16576 --- [http-nio-9005-exec-4] com.pms.controller.CentralizedLogging    : -----#####----->before @showAvailability:[PA000047]
2023-04-13T02:14:00.592+05:30  INFO 16576 --- [http-nio-9005-exec-4] com.pms.controller.CentralizedLogging    : -----#####----->after @showAvailability:[PA000047], result: <200 OK OK,PatientInfo(patientId=PA000047, email=rahulprasadrp07@gmail.com, title=Mr, firstName=rahul, lastName=prasad, dob=13-06-2001, contactNumber=9865321478, password=1234567890, gender=male, address=bihar),[]>
2023-04-13T02:14:16.991+05:30  INFO 16576 --- [http-nio-9005-exec-3] com.pms.controller.CentralizedLogging    : -----#####----->before @showAvailability:[PA000047]
2023-04-13T02:14:17.002+05:30  INFO 16576 --- [http-nio-9005-exec-3] com.pms.controller.CentralizedLogging    : -----#####----->after @showAvailability:[PA000047], result: <200 OK OK,PatientInfo(patientId=PA000047, email=rahulprasadrp07@gmail.com, title=Mr, firstName=rahul, lastName=prasad, dob=13-06-2001, contactNumber=9865321478, password=1234567890, gender=male, address=bihar),[]>
2023-04-13T02:15:55.079+05:30  INFO 16576 --- [http-nio-9005-exec-10] com.pms.controller.CentralizedLogging    : -----#####----->before @showAvailability:[PA000047]
2023-04-13T02:15:55.089+05:30  INFO 16576 --- [http-nio-9005-exec-10] com.pms.controller.CentralizedLogging    : -----#####----->after @showAvailability:[PA000047], result: <200 OK OK,PatientInfo(patientId=PA000047, email=rahulprasadrp07@gmail.com, title=Mr, firstName=rahul, lastName=prasad, dob=13-06-2001, contactNumber=9865321478, password=1234567890, gender=male, address=bihar),[]>
2023-04-13T02:21:10.292+05:30  INFO 16576 --- [http-nio-9005-exec-6] com.pms.controller.CentralizedLogging    : -----#####----->before @showAvailability:[PA000047]
2023-04-13T02:21:10.304+05:30  INFO 16576 --- [http-nio-9005-exec-6] com.pms.controller.CentralizedLogging    : -----#####----->after @showAvailability:[PA000047], result: <200 OK OK,PatientInfo(patientId=PA000047, email=rahulprasadrp07@gmail.com, title=Mr, firstName=rahul, lastName=prasad, dob=13-06-2001, contactNumber=9865321478, password=1234567890, gender=male, address=bihar),[]>
2023-04-13T02:21:45.131+05:30  INFO 16576 --- [http-nio-9005-exec-5] com.pms.controller.CentralizedLogging    : -----#####----->before @showAvailability:[PA000047]
2023-04-13T02:21:45.142+05:30  INFO 16576 --- [http-nio-9005-exec-5] com.pms.controller.CentralizedLogging    : -----#####----->after @showAvailability:[PA000047], result: <200 OK OK,PatientInfo(patientId=PA000047, email=rahulprasadrp07@gmail.com, title=Mr, firstName=rahul, lastName=prasad, dob=13-06-2001, contactNumber=9865321478, password=1234567890, gender=male, address=bihar),[]>
2023-04-13T02:23:51.163+05:30  INFO 16576 --- [http-nio-9005-exec-9] com.pms.controller.CentralizedLogging    : -----#####----->before @showAvailability:[PA000047]
2023-04-13T02:23:51.171+05:30  INFO 16576 --- [http-nio-9005-exec-9] com.pms.controller.CentralizedLogging    : -----#####----->after @showAvailability:[PA000047], result: <200 OK OK,PatientInfo(patientId=PA000047, email=rahulprasadrp07@gmail.com, title=Mr, firstName=rahul, lastName=prasad, dob=13-06-2001, contactNumber=9865321478, password=1234567890, gender=male, address=bihar),[]>
2023-04-13T02:26:03.011+05:30  INFO 16576 --- [http-nio-9005-exec-4] com.pms.controller.CentralizedLogging    : -----#####----->before @showAvailability:[PA000047]
2023-04-13T02:26:03.441+05:30  INFO 16576 --- [http-nio-9005-exec-4] com.pms.controller.CentralizedLogging    : -----#####----->after @showAvailability:[PA000047], result: <200 OK OK,PatientInfo(patientId=PA000047, email=rahulprasadrp07@gmail.com, title=Mr, firstName=rahul, lastName=prasad, dob=13-06-2001, contactNumber=9865321478, password=1234567890, gender=male, address=bihar),[]>
2023-04-13T02:28:16.023+05:30  INFO 16576 --- [http-nio-9005-exec-10] com.pms.controller.CentralizedLogging    : -----#####----->before @showAvailability:[PA000047]
2023-04-13T02:28:16.033+05:30  INFO 16576 --- [http-nio-9005-exec-10] com.pms.controller.CentralizedLogging    : -----#####----->after @showAvailability:[PA000047], result: <200 OK OK,PatientInfo(patientId=PA000047, email=rahulprasadrp07@gmail.com, title=Mr, firstName=rahul, lastName=prasad, dob=13-06-2001, contactNumber=9865321478, password=1234567890, gender=male, address=bihar),[]>
2023-04-13T02:31:10.572+05:30  INFO 16576 --- [http-nio-9005-exec-4] com.pms.controller.CentralizedLogging    : -----#####----->before @showAvailability:[PA000047]
2023-04-13T02:31:10.579+05:30  INFO 16576 --- [http-nio-9005-exec-4] com.pms.controller.CentralizedLogging    : -----#####----->after @showAvailability:[PA000047], result: <200 OK OK,PatientInfo(patientId=PA000047, email=rahulprasadrp07@gmail.com, title=Mr, firstName=rahul, lastName=prasad, dob=13-06-2001, contactNumber=9865321478, password=1234567890, gender=male, address=bihar),[]>
2023-04-13T02:36:04.611+05:30  INFO 16576 --- [http-nio-9005-exec-8] com.pms.controller.CentralizedLogging    : -----#####----->before @showAvailability:[PA000047]
2023-04-13T02:36:04.631+05:30  INFO 16576 --- [http-nio-9005-exec-8] com.pms.controller.CentralizedLogging    : -----#####----->after @showAvailability:[PA000047], result: <200 OK OK,PatientInfo(patientId=PA000047, email=rahulprasadrp07@gmail.com, title=Mr, firstName=rahul, lastName=prasad, dob=13-06-2001, contactNumber=9865321478, password=1234567890, gender=male, address=bihar),[]>
2023-04-13T02:39:09.189+05:30  INFO 16576 --- [http-nio-9005-exec-7] com.pms.controller.CentralizedLogging    : -----#####----->before @showAvailability:[PA000047]
2023-04-13T02:39:09.208+05:30  INFO 16576 --- [http-nio-9005-exec-7] com.pms.controller.CentralizedLogging    : -----#####----->after @showAvailability:[PA000047], result: <200 OK OK,PatientInfo(patientId=PA000047, email=rahulprasadrp07@gmail.com, title=Mr, firstName=rahul, lastName=prasad, dob=13-06-2001, contactNumber=9865321478, password=1234567890, gender=male, address=bihar),[]>
2023-04-13T02:41:57.972+05:30  INFO 16576 --- [http-nio-9005-exec-4] com.pms.controller.CentralizedLogging    : -----#####----->before @showAvailability:[PA000047]
2023-04-13T02:41:57.980+05:30  INFO 16576 --- [http-nio-9005-exec-4] com.pms.controller.CentralizedLogging    : -----#####----->after @showAvailability:[PA000047], result: <200 OK OK,PatientInfo(patientId=PA000047, email=rahulprasadrp07@gmail.com, title=Mr, firstName=rahul, lastName=prasad, dob=13-06-2001, contactNumber=9865321478, password=1234567890, gender=male, address=bihar),[]>
2023-04-13T02:44:43.024+05:30  INFO 16576 --- [http-nio-9005-exec-5] com.pms.controller.CentralizedLogging    : -----#####----->before @showAvailability:[PA000047]
2023-04-13T02:44:43.033+05:30  INFO 16576 --- [http-nio-9005-exec-5] com.pms.controller.CentralizedLogging    : -----#####----->after @showAvailability:[PA000047], result: <200 OK OK,PatientInfo(patientId=PA000047, email=rahulprasadrp07@gmail.com, title=Mr, firstName=rahul, lastName=prasad, dob=13-06-2001, contactNumber=9865321478, password=1234567890, gender=male, address=bihar),[]>
2023-04-13T02:45:43.045+05:30  INFO 16576 --- [http-nio-9005-exec-6] com.pms.controller.CentralizedLogging    : -----#####----->before @showAvailability:[PA000047]
2023-04-13T02:45:43.062+05:30  INFO 16576 --- [http-nio-9005-exec-6] com.pms.controller.CentralizedLogging    : -----#####----->after @showAvailability:[PA000047], result: <200 OK OK,PatientInfo(patientId=PA000047, email=rahulprasadrp07@gmail.com, title=Mr, firstName=rahul, lastName=prasad, dob=13-06-2001, contactNumber=9865321478, password=1234567890, gender=male, address=bihar),[]>
2023-04-13T02:46:46.773+05:30  INFO 16576 --- [http-nio-9005-exec-2] com.pms.controller.CentralizedLogging    : -----#####----->before @showAvailability:[PA000047]
2023-04-13T02:46:46.783+05:30  INFO 16576 --- [http-nio-9005-exec-2] com.pms.controller.CentralizedLogging    : -----#####----->after @showAvailability:[PA000047], result: <200 OK OK,PatientInfo(patientId=PA000047, email=rahulprasadrp07@gmail.com, title=Mr, firstName=rahul, lastName=prasad, dob=13-06-2001, contactNumber=9865321478, password=1234567890, gender=male, address=bihar),[]>
2023-04-13T02:46:57.449+05:30  INFO 16576 --- [http-nio-9005-exec-4] com.pms.controller.CentralizedLogging    : -----#####----->before @showAvailability:[PA000047]
2023-04-13T02:46:57.459+05:30  INFO 16576 --- [http-nio-9005-exec-4] com.pms.controller.CentralizedLogging    : -----#####----->after @showAvailability:[PA000047], result: <200 OK OK,PatientInfo(patientId=PA000047, email=rahulprasadrp07@gmail.com, title=Mr, firstName=rahul, lastName=prasad, dob=13-06-2001, contactNumber=9865321478, password=1234567890, gender=male, address=bihar),[]>
2023-04-13T02:47:18.104+05:30  INFO 16576 --- [http-nio-9005-exec-10] com.pms.controller.CentralizedLogging    : -----#####----->before @showAvailability:[PA000047]
2023-04-13T02:47:18.113+05:30  INFO 16576 --- [http-nio-9005-exec-10] com.pms.controller.CentralizedLogging    : -----#####----->after @showAvailability:[PA000047], result: <200 OK OK,PatientInfo(patientId=PA000047, email=rahulprasadrp07@gmail.com, title=Mr, firstName=rahul, lastName=prasad, dob=13-06-2001, contactNumber=9865321478, password=1234567890, gender=male, address=bihar),[]>
2023-04-13T02:51:16.480+05:30  INFO 16576 --- [http-nio-9005-exec-5] com.pms.controller.CentralizedLogging    : -----#####----->before @showAvailability:[PA000047]
2023-04-13T02:51:16.486+05:30  INFO 16576 --- [http-nio-9005-exec-5] com.pms.controller.CentralizedLogging    : -----#####----->after @showAvailability:[PA000047], result: <200 OK OK,PatientInfo(patientId=PA000047, email=rahulprasadrp07@gmail.com, title=Mr, firstName=rahul, lastName=prasad, dob=13-06-2001, contactNumber=9865321478, password=1234567890, gender=male, address=bihar),[]>
2023-04-13T02:52:25.403+05:30  INFO 16576 --- [http-nio-9005-exec-10] com.pms.controller.CentralizedLogging    : -----#####----->before @showAvailability:[PA000047]
2023-04-13T02:52:25.420+05:30  INFO 16576 --- [http-nio-9005-exec-10] com.pms.controller.CentralizedLogging    : -----#####----->after @showAvailability:[PA000047], result: <200 OK OK,PatientInfo(patientId=PA000047, email=rahulprasadrp07@gmail.com, title=Mr, firstName=rahul, lastName=prasad, dob=13-06-2001, contactNumber=9865321478, password=1234567890, gender=male, address=bihar),[]>
2023-04-13T02:53:44.001+05:30  INFO 16576 --- [http-nio-9005-exec-6] com.pms.controller.CentralizedLogging    : -----#####----->before @showAvailability:[PA000047]
2023-04-13T02:53:44.010+05:30  INFO 16576 --- [http-nio-9005-exec-6] com.pms.controller.CentralizedLogging    : -----#####----->after @showAvailability:[PA000047], result: <200 OK OK,PatientInfo(patientId=PA000047, email=rahulprasadrp07@gmail.com, title=Mr, firstName=rahul, lastName=prasad, dob=13-06-2001, contactNumber=9865321478, password=1234567890, gender=male, address=bihar),[]>
2023-04-13T02:54:01.458+05:30  INFO 16576 --- [http-nio-9005-exec-7] com.pms.controller.CentralizedLogging    : -----#####----->before @showAvailability:[PA000047]
2023-04-13T02:54:01.463+05:30  INFO 16576 --- [http-nio-9005-exec-7] com.pms.controller.CentralizedLogging    : -----#####----->after @showAvailability:[PA000047], result: <200 OK OK,PatientInfo(patientId=PA000047, email=rahulprasadrp07@gmail.com, title=Mr, firstName=rahul, lastName=prasad, dob=13-06-2001, contactNumber=9865321478, password=1234567890, gender=male, address=bihar),[]>
2023-04-13T02:55:07.031+05:30  INFO 16576 --- [http-nio-9005-exec-6] com.pms.controller.CentralizedLogging    : -----#####----->before @showAvailability:[PA000047]
2023-04-13T02:55:07.040+05:30  INFO 16576 --- [http-nio-9005-exec-6] com.pms.controller.CentralizedLogging    : -----#####----->after @showAvailability:[PA000047], result: <200 OK OK,PatientInfo(patientId=PA000047, email=rahulprasadrp07@gmail.com, title=Mr, firstName=rahul, lastName=prasad, dob=13-06-2001, contactNumber=9865321478, password=1234567890, gender=male, address=bihar),[]>
2023-04-13T02:56:09.404+05:30  INFO 16576 --- [http-nio-9005-exec-1] com.pms.controller.CentralizedLogging    : -----#####----->before @showAvailability:[PA000047]
2023-04-13T02:56:09.413+05:30  INFO 16576 --- [http-nio-9005-exec-1] com.pms.controller.CentralizedLogging    : -----#####----->after @showAvailability:[PA000047], result: <200 OK OK,PatientInfo(patientId=PA000047, email=rahulprasadrp07@gmail.com, title=Mr, firstName=rahul, lastName=prasad, dob=13-06-2001, contactNumber=9865321478, password=1234567890, gender=male, address=bihar),[]>
2023-04-13T02:57:02.221+05:30  INFO 16576 --- [http-nio-9005-exec-7] com.pms.controller.CentralizedLogging    : -----#####----->before @showAvailability:[PA000047]
2023-04-13T02:57:02.230+05:30  INFO 16576 --- [http-nio-9005-exec-7] com.pms.controller.CentralizedLogging    : -----#####----->after @showAvailability:[PA000047], result: <200 OK OK,PatientInfo(patientId=PA000047, email=rahulprasadrp07@gmail.com, title=Mr, firstName=rahul, lastName=prasad, dob=13-06-2001, contactNumber=9865321478, password=1234567890, gender=male, address=bihar),[]>
2023-04-13T03:01:37.189+05:30  INFO 16576 --- [http-nio-9005-exec-2] com.pms.controller.CentralizedLogging    : -----#####----->before @showAvailability:[PA000047]
2023-04-13T03:01:37.197+05:30  INFO 16576 --- [http-nio-9005-exec-2] com.pms.controller.CentralizedLogging    : -----#####----->after @showAvailability:[PA000047], result: <200 OK OK,PatientInfo(patientId=PA000047, email=rahulprasadrp07@gmail.com, title=Mr, firstName=rahul, lastName=prasad, dob=13-06-2001, contactNumber=9865321478, password=1234567890, gender=male, address=bihar),[]>
2023-04-13T03:05:35.584+05:30  INFO 16576 --- [http-nio-9005-exec-6] com.pms.controller.CentralizedLogging    : -----#####----->before @showAvailability:[PA000047]
2023-04-13T03:05:35.601+05:30  INFO 16576 --- [http-nio-9005-exec-6] com.pms.controller.CentralizedLogging    : -----#####----->after @showAvailability:[PA000047], result: <200 OK OK,PatientInfo(patientId=PA000047, email=rahulprasadrp07@gmail.com, title=Mr, firstName=rahul, lastName=prasad, dob=13-06-2001, contactNumber=9865321478, password=1234567890, gender=male, address=bihar),[]>
2023-04-13T03:08:40.518+05:30  INFO 16576 --- [http-nio-9005-exec-1] com.pms.controller.CentralizedLogging    : -----#####----->before @showAvailability:[PA000047]
2023-04-13T03:08:40.527+05:30  INFO 16576 --- [http-nio-9005-exec-1] com.pms.controller.CentralizedLogging    : -----#####----->after @showAvailability:[PA000047], result: <200 OK OK,PatientInfo(patientId=PA000047, email=rahulprasadrp07@gmail.com, title=Mr, firstName=rahul, lastName=prasad, dob=13-06-2001, contactNumber=9865321478, password=1234567890, gender=male, address=bihar),[]>
2023-04-13T03:09:25.983+05:30  INFO 16576 --- [http-nio-9005-exec-10] com.pms.controller.CentralizedLogging    : -----#####----->before @showAvailability:[PA000047]
2023-04-13T03:09:25.991+05:30  INFO 16576 --- [http-nio-9005-exec-10] com.pms.controller.CentralizedLogging    : -----#####----->after @showAvailability:[PA000047], result: <200 OK OK,PatientInfo(patientId=PA000047, email=rahulprasadrp07@gmail.com, title=Mr, firstName=rahul, lastName=prasad, dob=13-06-2001, contactNumber=9865321478, password=1234567890, gender=male, address=bihar),[]>
2023-04-13T03:11:52.441+05:30  INFO 16576 --- [http-nio-9005-exec-9] com.pms.controller.CentralizedLogging    : -----#####----->before @showAvailability:[PA000047]
2023-04-13T03:11:52.450+05:30  INFO 16576 --- [http-nio-9005-exec-9] com.pms.controller.CentralizedLogging    : -----#####----->after @showAvailability:[PA000047], result: <200 OK OK,PatientInfo(patientId=PA000047, email=rahulprasadrp07@gmail.com, title=Mr, firstName=rahul, lastName=prasad, dob=13-06-2001, contactNumber=9865321478, password=1234567890, gender=male, address=bihar),[]>
2023-04-13T03:11:57.662+05:30  INFO 16576 --- [http-nio-9005-exec-1] com.pms.controller.CentralizedLogging    : -----#####----->before @showAvailability:[PA000047]
2023-04-13T03:11:57.671+05:30  INFO 16576 --- [http-nio-9005-exec-1] com.pms.controller.CentralizedLogging    : -----#####----->after @showAvailability:[PA000047], result: <200 OK OK,PatientInfo(patientId=PA000047, email=rahulprasadrp07@gmail.com, title=Mr, firstName=rahul, lastName=prasad, dob=13-06-2001, contactNumber=9865321478, password=1234567890, gender=male, address=bihar),[]>
2023-04-13T03:12:55.820+05:30  INFO 16576 --- [http-nio-9005-exec-7] com.pms.controller.CentralizedLogging    : -----#####----->before @showAvailability:[PA000047]
2023-04-13T03:12:55.827+05:30  INFO 16576 --- [http-nio-9005-exec-7] com.pms.controller.CentralizedLogging    : -----#####----->after @showAvailability:[PA000047], result: <200 OK OK,PatientInfo(patientId=PA000047, email=rahulprasadrp07@gmail.com, title=Mr, firstName=rahul, lastName=prasad, dob=13-06-2001, contactNumber=9865321478, password=1234567890, gender=male, address=bihar),[]>
2023-04-13T03:13:58.216+05:30  INFO 16576 --- [http-nio-9005-exec-6] com.pms.controller.CentralizedLogging    : -----#####----->before @showAvailability:[PA000047]
2023-04-13T03:13:58.228+05:30  INFO 16576 --- [http-nio-9005-exec-6] com.pms.controller.CentralizedLogging    : -----#####----->after @showAvailability:[PA000047], result: <200 OK OK,PatientInfo(patientId=PA000047, email=rahulprasadrp07@gmail.com, title=Mr, firstName=rahul, lastName=prasad, dob=13-06-2001, contactNumber=9865321478, password=1234567890, gender=male, address=bihar),[]>
2023-04-13T03:14:08.600+05:30  INFO 16576 --- [http-nio-9005-exec-10] com.pms.controller.CentralizedLogging    : -----#####----->before @showAvailability:[PA000047]
2023-04-13T03:14:08.608+05:30  INFO 16576 --- [http-nio-9005-exec-10] com.pms.controller.CentralizedLogging    : -----#####----->after @showAvailability:[PA000047], result: <200 OK OK,PatientInfo(patientId=PA000047, email=rahulprasadrp07@gmail.com, title=Mr, firstName=rahul, lastName=prasad, dob=13-06-2001, contactNumber=9865321478, password=1234567890, gender=male, address=bihar),[]>
2023-04-13T03:14:12.890+05:30  INFO 16576 --- [http-nio-9005-exec-5] com.pms.controller.CentralizedLogging    : -----#####----->before @showAvailability:[PA000047]
2023-04-13T03:14:12.901+05:30  INFO 16576 --- [http-nio-9005-exec-5] com.pms.controller.CentralizedLogging    : -----#####----->after @showAvailability:[PA000047], result: <200 OK OK,PatientInfo(patientId=PA000047, email=rahulprasadrp07@gmail.com, title=Mr, firstName=rahul, lastName=prasad, dob=13-06-2001, contactNumber=9865321478, password=1234567890, gender=male, address=bihar),[]>
2023-04-13T03:14:58.295+05:30  INFO 16576 --- [http-nio-9005-exec-2] com.pms.controller.CentralizedLogging    : -----#####----->before @showAvailability:[PA000047]
2023-04-13T03:14:58.303+05:30  INFO 16576 --- [http-nio-9005-exec-2] com.pms.controller.CentralizedLogging    : -----#####----->after @showAvailability:[PA000047], result: <200 OK OK,PatientInfo(patientId=PA000047, email=rahulprasadrp07@gmail.com, title=Mr, firstName=rahul, lastName=prasad, dob=13-06-2001, contactNumber=9865321478, password=1234567890, gender=male, address=bihar),[]>
2023-04-13T03:15:02.111+05:30  INFO 16576 --- [http-nio-9005-exec-6] com.pms.controller.CentralizedLogging    : -----#####----->before @showAvailability:[PA000047]
2023-04-13T03:15:02.119+05:30  INFO 16576 --- [http-nio-9005-exec-6] com.pms.controller.CentralizedLogging    : -----#####----->after @showAvailability:[PA000047], result: <200 OK OK,PatientInfo(patientId=PA000047, email=rahulprasadrp07@gmail.com, title=Mr, firstName=rahul, lastName=prasad, dob=13-06-2001, contactNumber=9865321478, password=1234567890, gender=male, address=bihar),[]>
2023-04-13T03:15:44.097+05:30  INFO 16576 --- [http-nio-9005-exec-5] com.pms.controller.CentralizedLogging    : -----#####----->before @showAvailability:[PA000047]
2023-04-13T03:15:44.105+05:30  INFO 16576 --- [http-nio-9005-exec-5] com.pms.controller.CentralizedLogging    : -----#####----->after @showAvailability:[PA000047], result: <200 OK OK,PatientInfo(patientId=PA000047, email=rahulprasadrp07@gmail.com, title=Mr, firstName=rahul, lastName=prasad, dob=13-06-2001, contactNumber=9865321478, password=1234567890, gender=male, address=bihar),[]>
2023-04-13T03:16:02.872+05:30  INFO 16576 --- [http-nio-9005-exec-1] com.pms.controller.CentralizedLogging    : -----#####----->before @showAvailability:[PA000047]
2023-04-13T03:16:02.877+05:30  INFO 16576 --- [http-nio-9005-exec-1] com.pms.controller.CentralizedLogging    : -----#####----->after @showAvailability:[PA000047], result: <200 OK OK,PatientInfo(patientId=PA000047, email=rahulprasadrp07@gmail.com, title=Mr, firstName=rahul, lastName=prasad, dob=13-06-2001, contactNumber=9865321478, password=1234567890, gender=male, address=bihar),[]>
2023-04-13T03:16:06.781+05:30  INFO 16576 --- [http-nio-9005-exec-2] com.pms.controller.CentralizedLogging    : -----#####----->before @showAvailability:[PA000047]
2023-04-13T03:16:06.792+05:30  INFO 16576 --- [http-nio-9005-exec-2] com.pms.controller.CentralizedLogging    : -----#####----->after @showAvailability:[PA000047], result: <200 OK OK,PatientInfo(patientId=PA000047, email=rahulprasadrp07@gmail.com, title=Mr, firstName=rahul, lastName=prasad, dob=13-06-2001, contactNumber=9865321478, password=1234567890, gender=male, address=bihar),[]>
2023-04-13T03:16:13.091+05:30  INFO 16576 --- [http-nio-9005-exec-6] com.pms.controller.CentralizedLogging    : -----#####----->before @showAvailability:[PA000047]
2023-04-13T03:16:13.099+05:30  INFO 16576 --- [http-nio-9005-exec-6] com.pms.controller.CentralizedLogging    : -----#####----->after @showAvailability:[PA000047], result: <200 OK OK,PatientInfo(patientId=PA000047, email=rahulprasadrp07@gmail.com, title=Mr, firstName=rahul, lastName=prasad, dob=13-06-2001, contactNumber=9865321478, password=1234567890, gender=male, address=bihar),[]>
2023-04-13T03:16:17.237+05:30  INFO 16576 --- [http-nio-9005-exec-3] com.pms.controller.CentralizedLogging    : -----#####----->before @showAvailability:[PA000047]
2023-04-13T03:16:17.250+05:30  INFO 16576 --- [http-nio-9005-exec-3] com.pms.controller.CentralizedLogging    : -----#####----->after @showAvailability:[PA000047], result: <200 OK OK,PatientInfo(patientId=PA000047, email=rahulprasadrp07@gmail.com, title=Mr, firstName=rahul, lastName=prasad, dob=13-06-2001, contactNumber=9865321478, password=1234567890, gender=male, address=bihar),[]>
2023-04-13T03:16:38.000+05:30  INFO 16576 --- [http-nio-9005-exec-5] com.pms.controller.CentralizedLogging    : -----#####----->before @showAvailability:[PA000047]
2023-04-13T03:16:38.007+05:30  INFO 16576 --- [http-nio-9005-exec-5] com.pms.controller.CentralizedLogging    : -----#####----->after @showAvailability:[PA000047], result: <200 OK OK,PatientInfo(patientId=PA000047, email=rahulprasadrp07@gmail.com, title=Mr, firstName=rahul, lastName=prasad, dob=13-06-2001, contactNumber=9865321478, password=1234567890, gender=male, address=bihar),[]>
2023-04-13T03:16:42.479+05:30  INFO 16576 --- [http-nio-9005-exec-8] com.pms.controller.CentralizedLogging    : -----#####----->before @showAvailability:[PA000047]
2023-04-13T03:16:42.486+05:30  INFO 16576 --- [http-nio-9005-exec-8] com.pms.controller.CentralizedLogging    : -----#####----->after @showAvailability:[PA000047], result: <200 OK OK,PatientInfo(patientId=PA000047, email=rahulprasadrp07@gmail.com, title=Mr, firstName=rahul, lastName=prasad, dob=13-06-2001, contactNumber=9865321478, password=1234567890, gender=male, address=bihar),[]>
2023-04-13T03:16:55.546+05:30  INFO 16576 --- [http-nio-9005-exec-1] com.pms.controller.CentralizedLogging    : -----#####----->before @showAvailability:[PA000047]
2023-04-13T03:16:55.551+05:30  INFO 16576 --- [http-nio-9005-exec-1] com.pms.controller.CentralizedLogging    : -----#####----->after @showAvailability:[PA000047], result: <200 OK OK,PatientInfo(patientId=PA000047, email=rahulprasadrp07@gmail.com, title=Mr, firstName=rahul, lastName=prasad, dob=13-06-2001, contactNumber=9865321478, password=1234567890, gender=male, address=bihar),[]>
2023-04-13T03:17:16.247+05:30  INFO 16576 --- [http-nio-9005-exec-6] com.pms.controller.CentralizedLogging    : -----#####----->before @showAvailability:[PA000047]
2023-04-13T03:17:16.253+05:30  INFO 16576 --- [http-nio-9005-exec-6] com.pms.controller.CentralizedLogging    : -----#####----->after @showAvailability:[PA000047], result: <200 OK OK,PatientInfo(patientId=PA000047, email=rahulprasadrp07@gmail.com, title=Mr, firstName=rahul, lastName=prasad, dob=13-06-2001, contactNumber=9865321478, password=1234567890, gender=male, address=bihar),[]>
2023-04-13T03:18:29.174+05:30  INFO 16576 --- [http-nio-9005-exec-2] com.pms.controller.CentralizedLogging    : -----#####----->before @showAvailability:[PA009790]
2023-04-13T03:18:29.179+05:30  INFO 16576 --- [http-nio-9005-exec-2] com.pms.controller.CentralizedLogging    : -----#####----->after @showAvailability:[PA009790], result: <200 OK OK,PatientInfo(patientId=PA009790, email=ck@gmail.com, title=Mr, firstName=ck, lastName=kushwah, dob=09-03-2000, contactNumber=9876543210, password=1234567890, gender=male, address=mandleshwar),[]>
2023-04-13T03:20:14.050+05:30  INFO 16576 --- [http-nio-9005-exec-4] com.pms.controller.CentralizedLogging    : -----#####----->before @showAvailability:[PA009790]
2023-04-13T03:20:14.064+05:30  INFO 16576 --- [http-nio-9005-exec-4] com.pms.controller.CentralizedLogging    : -----#####----->after @showAvailability:[PA009790], result: <200 OK OK,PatientInfo(patientId=PA009790, email=ck@gmail.com, title=Mr, firstName=ck, lastName=kushwah, dob=09-03-2000, contactNumber=9876543210, password=1234567890, gender=male, address=mandleshwar),[]>
2023-04-13T03:20:22.609+05:30  INFO 16576 --- [http-nio-9005-exec-6] com.pms.controller.CentralizedLogging    : -----#####----->before @showAvailability:[PA000047]
2023-04-13T03:20:22.616+05:30  INFO 16576 --- [http-nio-9005-exec-6] com.pms.controller.CentralizedLogging    : -----#####----->after @showAvailability:[PA000047], result: <200 OK OK,PatientInfo(patientId=PA000047, email=rahulprasadrp07@gmail.com, title=Mr, firstName=rahul, lastName=prasad, dob=13-06-2001, contactNumber=9865321478, password=1234567890, gender=male, address=bihar),[]>
2023-04-13T03:23:30.939+05:30  INFO 16576 --- [http-nio-9005-exec-2] com.pms.controller.CentralizedLogging    : -----#####----->before @showAvailability:[PA000047]
2023-04-13T03:23:30.945+05:30  INFO 16576 --- [http-nio-9005-exec-2] com.pms.controller.CentralizedLogging    : -----#####----->after @showAvailability:[PA000047], result: <200 OK OK,PatientInfo(patientId=PA000047, email=rahulprasadrp07@gmail.com, title=Mr, firstName=rahul, lastName=prasad, dob=13-06-2001, contactNumber=9865321478, password=1234567890, gender=male, address=bihar),[]>
2023-04-13T10:30:56.211+05:30  WARN 16576 --- [HikariPool-1 housekeeper] com.zaxxer.hikari.pool.HikariPool        : HikariPool-1 - Thread starvation or clock leap detected (housekeeper delta=5h14m51s643ms267µs).
2023-04-13T11:19:27.234+05:30  INFO 10412 --- [restartedMain] c.pms.G2PatientInfoServiceApplication    : Starting G2PatientInfoServiceApplication using Java 17.0.6 with PID 10412 (C:\Users\kushw\Documents\g2-local-backend-services\g2-patient-info-service\target\classes started by kushw in C:\Users\kushw\Documents\g2-local-backend-services\g2-patient-info-service)
2023-04-13T11:19:27.237+05:30  INFO 10412 --- [restartedMain] c.pms.G2PatientInfoServiceApplication    : The following 1 profile is active: "local"
2023-04-13T11:19:27.306+05:30  INFO 10412 --- [restartedMain] .e.DevToolsPropertyDefaultsPostProcessor : For additional web related logging consider setting the 'logging.level.web' property to 'DEBUG'
2023-04-13T11:19:29.489+05:30  INFO 10412 --- [restartedMain] .s.d.r.c.RepositoryConfigurationDelegate : Bootstrapping Spring Data JPA repositories in DEFAULT mode.
2023-04-13T11:19:29.824+05:30  INFO 10412 --- [restartedMain] .s.d.r.c.RepositoryConfigurationDelegate : Finished Spring Data repository scanning in 313 ms. Found 1 JPA repository interfaces.
2023-04-13T11:19:30.979+05:30  INFO 10412 --- [restartedMain] o.s.cloud.context.scope.GenericScope     : BeanFactory id=de692e98-4188-34b8-8d3f-14274c9aaa3b
2023-04-13T11:19:31.196+05:30  INFO 10412 --- [restartedMain] trationDelegate$BeanPostProcessorChecker : Bean 'org.springframework.ws.config.annotation.DelegatingWsConfiguration' of type [org.springframework.ws.config.annotation.DelegatingWsConfiguration$$SpringCGLIB$$0] is not eligible for getting processed by all BeanPostProcessors (for example: not eligible for auto-proxying)
2023-04-13T11:19:31.272+05:30  INFO 10412 --- [restartedMain] .w.s.a.s.AnnotationActionEndpointMapping : Supporting [WS-Addressing August 2004, WS-Addressing 1.0]
2023-04-13T11:19:31.656+05:30  INFO 10412 --- [restartedMain] trationDelegate$BeanPostProcessorChecker : Bean 'org.springframework.cloud.client.loadbalancer.reactive.LoadBalancerBeanPostProcessorAutoConfiguration' of type [org.springframework.cloud.client.loadbalancer.reactive.LoadBalancerBeanPostProcessorAutoConfiguration] is not eligible for getting processed by all BeanPostProcessors (for example: not eligible for auto-proxying)
2023-04-13T11:19:31.662+05:30  INFO 10412 --- [restartedMain] trationDelegate$BeanPostProcessorChecker : Bean 'org.springframework.cloud.client.loadbalancer.reactive.LoadBalancerBeanPostProcessorAutoConfiguration$ReactorDeferringLoadBalancerFilterConfig' of type [org.springframework.cloud.client.loadbalancer.reactive.LoadBalancerBeanPostProcessorAutoConfiguration$ReactorDeferringLoadBalancerFilterConfig] is not eligible for getting processed by all BeanPostProcessors (for example: not eligible for auto-proxying)
2023-04-13T11:19:31.669+05:30  INFO 10412 --- [restartedMain] trationDelegate$BeanPostProcessorChecker : Bean 'reactorDeferringLoadBalancerExchangeFilterFunction' of type [org.springframework.cloud.client.loadbalancer.reactive.DeferringLoadBalancerExchangeFilterFunction] is not eligible for getting processed by all BeanPostProcessors (for example: not eligible for auto-proxying)
2023-04-13T11:19:32.438+05:30  INFO 10412 --- [restartedMain] o.s.b.w.embedded.tomcat.TomcatWebServer  : Tomcat initialized with port(s): 9005 (http)
2023-04-13T11:19:32.455+05:30  INFO 10412 --- [restartedMain] o.apache.catalina.core.StandardService   : Starting service [Tomcat]
2023-04-13T11:19:32.456+05:30  INFO 10412 --- [restartedMain] o.apache.catalina.core.StandardEngine    : Starting Servlet engine: [Apache Tomcat/10.1.7]
2023-04-13T11:19:32.664+05:30  INFO 10412 --- [restartedMain] o.a.c.c.C.[Tomcat].[localhost].[/]       : Initializing Spring embedded WebApplicationContext
2023-04-13T11:19:32.665+05:30  INFO 10412 --- [restartedMain] w.s.c.ServletWebServerApplicationContext : Root WebApplicationContext: initialization completed in 5357 ms
2023-04-13T11:19:34.450+05:30  INFO 10412 --- [restartedMain] com.zaxxer.hikari.HikariDataSource       : HikariPool-1 - Starting...
2023-04-13T11:19:34.976+05:30  INFO 10412 --- [restartedMain] com.zaxxer.hikari.pool.HikariPool        : HikariPool-1 - Added connection com.mysql.cj.jdbc.ConnectionImpl@34184fdf
2023-04-13T11:19:34.981+05:30  INFO 10412 --- [restartedMain] com.zaxxer.hikari.HikariDataSource       : HikariPool-1 - Start completed.
2023-04-13T11:19:35.023+05:30  INFO 10412 --- [restartedMain] SQL dialect                              : HHH000400: Using dialect: org.hibernate.dialect.MySQL8Dialect
2023-04-13T11:19:36.574+05:30  INFO 10412 --- [restartedMain] j.LocalContainerEntityManagerFactoryBean : Initialized JPA EntityManagerFactory for persistence unit 'default'
2023-04-13T11:19:37.836+05:30  WARN 10412 --- [restartedMain] JpaBaseConfiguration$JpaWebConfiguration : spring.jpa.open-in-view is enabled by default. Therefore, database queries may be performed during view rendering. Explicitly configure spring.jpa.open-in-view to disable this warning
2023-04-13T11:19:42.853+05:30  WARN 10412 --- [restartedMain] o.s.b.d.a.OptionalLiveReloadServer       : Unable to start LiveReload server
2023-04-13T11:19:43.360+05:30  WARN 10412 --- [restartedMain] iguration$LoadBalancerCaffeineWarnLogger : Spring Cloud LoadBalancer is currently working with the default cache. While this cache implementation is useful for development and tests, it's recommended to use Caffeine cache in production.You can switch to using Caffeine cache, by adding it and org.springframework.cache.caffeine.CaffeineCacheManager to the classpath.
2023-04-13T11:19:43.388+05:30  INFO 10412 --- [restartedMain] o.s.b.a.e.web.EndpointLinksResolver      : Exposing 1 endpoint(s) beneath base path '/actuator'
2023-04-13T11:19:43.881+05:30  INFO 10412 --- [restartedMain] o.s.b.w.embedded.tomcat.TomcatWebServer  : Tomcat started on port(s): 9005 (http) with context path ''
2023-04-13T11:19:43.887+05:30  INFO 10412 --- [restartedMain] o.s.c.c.s.ConsulServiceRegistry          : Registering service with consul: NewService{id='g2-patient-info-service-9005', name='g2-patient-info-service', tags=[], address='DESKTOP-RG9A2JG', meta={secure=false}, port=9005, enableTagOverride=null, check=Check{script='null', dockerContainerID='null', shell='null', interval='12s', ttl='null', http='http://DESKTOP-RG9A2JG:9005/actuator/health', method='null', header={}, tcp='null', timeout='null', deregisterCriticalServiceAfter='null', tlsSkipVerify=null, status='null', grpc='null', grpcUseTLS=null}, checks=null}
2023-04-13T11:19:44.325+05:30  INFO 10412 --- [restartedMain] c.pms.G2PatientInfoServiceApplication    : Started G2PatientInfoServiceApplication in 17.831 seconds (process running for 20.165)
2023-04-13T11:19:45.557+05:30  INFO 10412 --- [RMI TCP Connection(9)-127.0.0.1] o.a.c.c.C.[Tomcat].[localhost].[/]       : Initializing Spring DispatcherServlet 'dispatcherServlet'
2023-04-13T11:19:45.558+05:30  INFO 10412 --- [RMI TCP Connection(9)-127.0.0.1] o.s.web.servlet.DispatcherServlet        : Initializing Servlet 'dispatcherServlet'
2023-04-13T11:19:45.562+05:30  INFO 10412 --- [RMI TCP Connection(9)-127.0.0.1] o.s.web.servlet.DispatcherServlet        : Completed initialization in 4 ms
2023-04-13T11:50:56.686+05:30  INFO 10412 --- [http-nio-9005-exec-3] com.pms.controller.CentralizedLogging    : -----#####----->before @showAvailability:[PA00F687]
2023-04-13T11:50:57.016+05:30  INFO 10412 --- [http-nio-9005-exec-3] com.pms.controller.CentralizedLogging    : -----#####----->after @showAvailability:[PA00F687], result: <200 OK OK,PatientInfo(patientId=PA00F687, email=kushwahchiranjiv09@gmail.com, title=Mr, firstName=chiranjiv, lastName=kushwah, dob=2000-03-09, contactNumber=9876543210, password=1234567890, gender=Male, address=mandleshwar),[]>
2023-04-13T11:51:08.293+05:30  INFO 10412 --- [http-nio-9005-exec-10] com.pms.controller.CentralizedLogging    : -----#####----->before @showAvailability:[PA00F687]
2023-04-13T11:51:08.299+05:30  INFO 10412 --- [http-nio-9005-exec-10] com.pms.controller.CentralizedLogging    : -----#####----->after @showAvailability:[PA00F687], result: <200 OK OK,PatientInfo(patientId=PA00F687, email=kushwahchiranjiv09@gmail.com, title=Mr, firstName=chiranjiv, lastName=kushwah, dob=2000-03-09, contactNumber=9876543210, password=1234567890, gender=Male, address=mandleshwar),[]>
2023-04-13T11:52:56.242+05:30  INFO 10412 --- [http-nio-9005-exec-6] com.pms.controller.CentralizedLogging    : -----#####----->before @showAvailability:[PA00F687]
2023-04-13T11:52:56.250+05:30  INFO 10412 --- [http-nio-9005-exec-6] com.pms.controller.CentralizedLogging    : -----#####----->after @showAvailability:[PA00F687], result: <200 OK OK,PatientInfo(patientId=PA00F687, email=kushwahchiranjiv09@gmail.com, title=Mr, firstName=chiranjiv, lastName=kushwah, dob=2000-03-09, contactNumber=9876543210, password=1234567890, gender=Male, address=mandleshwar),[]>
2023-04-13T11:55:22.355+05:30  INFO 10412 --- [http-nio-9005-exec-8] com.pms.controller.CentralizedLogging    : -----#####----->before @showAvailability:[PA00F687]
2023-04-13T11:55:22.362+05:30  INFO 10412 --- [http-nio-9005-exec-8] com.pms.controller.CentralizedLogging    : -----#####----->after @showAvailability:[PA00F687], result: <200 OK OK,PatientInfo(patientId=PA00F687, email=kushwahchiranjiv09@gmail.com, title=Mr, firstName=chiranjiv, lastName=kushwah, dob=2000-03-09, contactNumber=9876543210, password=1234567890, gender=Male, address=mandleshwar),[]>
2023-04-13T11:58:56.509+05:30  INFO 10412 --- [http-nio-9005-exec-8] com.pms.controller.CentralizedLogging    : -----#####----->before @showAvailability:[PA00F687]
2023-04-13T11:58:56.528+05:30  INFO 10412 --- [http-nio-9005-exec-8] com.pms.controller.CentralizedLogging    : -----#####----->after @showAvailability:[PA00F687], result: <200 OK OK,PatientInfo(patientId=PA00F687, email=kushwahchiranjiv09@gmail.com, title=Mr, firstName=chiranjiv, lastName=kushwah, dob=2000-03-09, contactNumber=9876543210, password=1234567890, gender=Male, address=mandleshwar),[]>
2023-04-13T11:59:54.472+05:30  INFO 10412 --- [http-nio-9005-exec-10] com.pms.controller.CentralizedLogging    : -----#####----->before @showAvailability:[PA00F687]
2023-04-13T11:59:54.477+05:30  INFO 10412 --- [http-nio-9005-exec-10] com.pms.controller.CentralizedLogging    : -----#####----->after @showAvailability:[PA00F687], result: <200 OK OK,PatientInfo(patientId=PA00F687, email=kushwahchiranjiv09@gmail.com, title=Mr, firstName=chiranjiv, lastName=kushwah, dob=2000-03-09, contactNumber=9876543210, password=1234567890, gender=Male, address=mandleshwar),[]>
2023-04-13T12:06:41.461+05:30  INFO 10412 --- [http-nio-9005-exec-4] com.pms.controller.CentralizedLogging    : -----#####----->before @showAvailability:[PA00F687]
2023-04-13T12:06:41.468+05:30  INFO 10412 --- [http-nio-9005-exec-4] com.pms.controller.CentralizedLogging    : -----#####----->after @showAvailability:[PA00F687], result: <200 OK OK,PatientInfo(patientId=PA00F687, email=kushwahchiranjiv09@gmail.com, title=Mr, firstName=chiranjiv, lastName=kushwah, dob=2000-03-09, contactNumber=9876543210, password=1234567890, gender=Male, address=mandleshwar),[]>
2023-04-13T12:06:45.868+05:30  INFO 10412 --- [http-nio-9005-exec-3] com.pms.controller.CentralizedLogging    : -----#####----->before @showAvailability:[PA00F687]
2023-04-13T12:06:45.880+05:30  INFO 10412 --- [http-nio-9005-exec-3] com.pms.controller.CentralizedLogging    : -----#####----->after @showAvailability:[PA00F687], result: <200 OK OK,PatientInfo(patientId=PA00F687, email=kushwahchiranjiv09@gmail.com, title=Mr, firstName=chiranjiv, lastName=kushwah, dob=2000-03-09, contactNumber=9876543210, password=1234567890, gender=Male, address=mandleshwar),[]>
2023-04-13T12:08:01.631+05:30  INFO 10412 --- [http-nio-9005-exec-4] com.pms.controller.CentralizedLogging    : -----#####----->before @showAvailability:[PA009790]
2023-04-13T12:08:01.639+05:30  INFO 10412 --- [http-nio-9005-exec-4] com.pms.controller.CentralizedLogging    : -----#####----->after @showAvailability:[PA009790], result: <200 OK OK,PatientInfo(patientId=PA009790, email=ck@gmail.com, title=Mr, firstName=ck, lastName=kushwah, dob=09-03-2000, contactNumber=9876543210, password=1234567890, gender=male, address=khargone),[]>
2023-04-13T12:10:03.913+05:30  INFO 10412 --- [http-nio-9005-exec-3] com.pms.controller.CentralizedLogging    : -----#####----->before @showAvailability:[PA00F687]
2023-04-13T12:10:03.919+05:30  INFO 10412 --- [http-nio-9005-exec-3] com.pms.controller.CentralizedLogging    : -----#####----->after @showAvailability:[PA00F687], result: <200 OK OK,PatientInfo(patientId=PA00F687, email=kushwahchiranjiv09@gmail.com, title=Mr, firstName=chiranjiv, lastName=kushwah, dob=2000-03-09, contactNumber=9876543210, password=1234567890, gender=Male, address=mandleshwar),[]>
2023-04-13T12:10:43.635+05:30  INFO 10412 --- [http-nio-9005-exec-2] com.pms.controller.CentralizedLogging    : -----#####----->before @showAvailability:[PA00F687]
2023-04-13T12:10:43.640+05:30  INFO 10412 --- [http-nio-9005-exec-2] com.pms.controller.CentralizedLogging    : -----#####----->after @showAvailability:[PA00F687], result: <200 OK OK,PatientInfo(patientId=PA00F687, email=kushwahchiranjiv09@gmail.com, title=Mr, firstName=chiranjiv, lastName=kushwah, dob=2000-03-09, contactNumber=9876543210, password=1234567890, gender=Male, address=mandleshwar),[]>
2023-04-13T12:52:38.271+05:30  INFO 10412 --- [http-nio-9005-exec-5] com.pms.controller.CentralizedLogging    : -----#####----->before @showAllAvailability:[]
2023-04-13T12:52:38.672+05:30  INFO 10412 --- [http-nio-9005-exec-5] com.pms.controller.CentralizedLogging    : -----#####----->after @showAllAvailability:[], result: <200 OK OK,[PatientInfo(patientId=PA000047, email=rahulprasadrp07@gmail.com, title=Mr, firstName=rahul, lastName=prasad, dob=13-06-2001, contactNumber=9865321478, password=1234567890, gender=male, address=bihar), PatientInfo(patientId=PA003B8D, email=noor@gmail.com, title=Mr, firstName=noor, lastName=ali, dob=2000-03-09, contactNumber=9876543210, password=1234567890, gender=M, address=indore), PatientInfo(patientId=PA00742A, email=roshansah400@gmail.com, title=Mr, firstName=Roshan, lastName=Sah, dob=24-02-2000, contactNumber=8456451515, password=12345678, gender=male, address=Nepal), PatientInfo(patientId=PA009790, email=ck@gmail.com, title=Mr, firstName=ck, lastName=kushwah, dob=09-03-2000, contactNumber=9876543210, password=1234567890, gender=male, address=khargone), PatientInfo(patientId=PA00EA31, email=vinaytiwari123@gmail.com, title=Mr, firstName=vinay, lastName=tiwari, dob=19-10-2000, contactNumber=9876568945, password=1234567890, gender=male, address=mirzapur), PatientInfo(patientId=PA00F687, email=kushwahchiranjiv09@gmail.com, title=Mr, firstName=chiranjiv, lastName=kushwah, dob=2000-03-09, contactNumber=9876543210, password=1234567890, gender=Male, address=mandleshwar)],[]>
2023-04-13T12:59:35.507+05:30  INFO 10412 --- [http-nio-9005-exec-10] com.pms.controller.CentralizedLogging    : -----#####----->before @showAllAvailability:[]
2023-04-13T12:59:35.562+05:30  INFO 10412 --- [http-nio-9005-exec-10] com.pms.controller.CentralizedLogging    : -----#####----->after @showAllAvailability:[], result: <200 OK OK,[PatientInfo(patientId=PA000047, email=rahulprasadrp07@gmail.com, title=Mr, firstName=rahul, lastName=prasad, dob=13-06-2001, contactNumber=9865321478, password=1234567890, gender=male, address=bihar), PatientInfo(patientId=PA003B8D, email=noor@gmail.com, title=Mr, firstName=noor, lastName=ali, dob=2000-03-09, contactNumber=9876543210, password=1234567890, gender=M, address=indore), PatientInfo(patientId=PA00742A, email=roshansah400@gmail.com, title=Mr, firstName=Roshan, lastName=Sah, dob=24-02-2000, contactNumber=8456451515, password=12345678, gender=male, address=Nepal), PatientInfo(patientId=PA009790, email=ck@gmail.com, title=Mr, firstName=ck, lastName=kushwah, dob=09-03-2000, contactNumber=9876543210, password=1234567890, gender=male, address=khargone), PatientInfo(patientId=PA00EA31, email=vinaytiwari123@gmail.com, title=Mr, firstName=vinay, lastName=tiwari, dob=19-10-2000, contactNumber=9876568945, password=1234567890, gender=male, address=mirzapur), PatientInfo(patientId=PA00F687, email=kushwahchiranjiv09@gmail.com, title=Mr, firstName=chiranjiv, lastName=kushwah, dob=2000-03-09, contactNumber=9876543210, password=1234567890, gender=Male, address=mandleshwar)],[]>
2023-04-13T12:59:41.208+05:30  INFO 10412 --- [http-nio-9005-exec-1] com.pms.controller.CentralizedLogging    : -----#####----->before @showAllAvailability:[]
2023-04-13T12:59:41.219+05:30  INFO 10412 --- [http-nio-9005-exec-1] com.pms.controller.CentralizedLogging    : -----#####----->after @showAllAvailability:[], result: <200 OK OK,[PatientInfo(patientId=PA000047, email=rahulprasadrp07@gmail.com, title=Mr, firstName=rahul, lastName=prasad, dob=13-06-2001, contactNumber=9865321478, password=1234567890, gender=male, address=bihar), PatientInfo(patientId=PA003B8D, email=noor@gmail.com, title=Mr, firstName=noor, lastName=ali, dob=2000-03-09, contactNumber=9876543210, password=1234567890, gender=M, address=indore), PatientInfo(patientId=PA00742A, email=roshansah400@gmail.com, title=Mr, firstName=Roshan, lastName=Sah, dob=24-02-2000, contactNumber=8456451515, password=12345678, gender=male, address=Nepal), PatientInfo(patientId=PA009790, email=ck@gmail.com, title=Mr, firstName=ck, lastName=kushwah, dob=09-03-2000, contactNumber=9876543210, password=1234567890, gender=male, address=khargone), PatientInfo(patientId=PA00EA31, email=vinaytiwari123@gmail.com, title=Mr, firstName=vinay, lastName=tiwari, dob=19-10-2000, contactNumber=9876568945, password=1234567890, gender=male, address=mirzapur), PatientInfo(patientId=PA00F687, email=kushwahchiranjiv09@gmail.com, title=Mr, firstName=chiranjiv, lastName=kushwah, dob=2000-03-09, contactNumber=9876543210, password=1234567890, gender=Male, address=mandleshwar)],[]>
2023-04-13T13:08:36.042+05:30  INFO 10412 --- [http-nio-9005-exec-3] com.pms.controller.CentralizedLogging    : -----#####----->before @showAvailability:[PA00F687]
2023-04-13T13:08:36.088+05:30  INFO 10412 --- [http-nio-9005-exec-3] com.pms.controller.CentralizedLogging    : -----#####----->after @showAvailability:[PA00F687], result: <200 OK OK,PatientInfo(patientId=PA00F687, email=kushwahchiranjiv09@gmail.com, title=Mr, firstName=chiranjiv, lastName=kushwah, dob=2000-03-09, contactNumber=9876543210, password=1234567890, gender=Male, address=mandleshwar),[]>
2023-04-13T13:09:26.772+05:30  INFO 10412 --- [http-nio-9005-exec-5] com.pms.controller.CentralizedLogging    : -----#####----->before @showAvailability:[PA00F687]
2023-04-13T13:09:26.775+05:30  INFO 10412 --- [http-nio-9005-exec-5] com.pms.controller.CentralizedLogging    : -----#####----->after @showAvailability:[PA00F687], result: <200 OK OK,PatientInfo(patientId=PA00F687, email=kushwahchiranjiv09@gmail.com, title=Mr, firstName=chiranjiv, lastName=kushwah, dob=2000-03-09, contactNumber=9876543210, password=1234567890, gender=Male, address=mandleshwar),[]>
2023-04-13T13:11:41.842+05:30  INFO 10412 --- [http-nio-9005-exec-9] com.pms.controller.CentralizedLogging    : -----#####----->before @showAvailability:[PA00F687]
2023-04-13T13:11:41.856+05:30  INFO 10412 --- [http-nio-9005-exec-9] com.pms.controller.CentralizedLogging    : -----#####----->after @showAvailability:[PA00F687], result: <200 OK OK,PatientInfo(patientId=PA00F687, email=kushwahchiranjiv09@gmail.com, title=Mr, firstName=chiranjiv, lastName=kushwah, dob=2000-03-09, contactNumber=9876543210, password=1234567890, gender=Male, address=mandleshwar),[]>
2023-04-13T13:15:18.183+05:30  INFO 10412 --- [http-nio-9005-exec-9] com.pms.controller.CentralizedLogging    : -----#####----->before @showAvailability:[PA00F687]
2023-04-13T13:15:18.229+05:30  INFO 10412 --- [http-nio-9005-exec-9] com.pms.controller.CentralizedLogging    : -----#####----->after @showAvailability:[PA00F687], result: <200 OK OK,PatientInfo(patientId=PA00F687, email=kushwahchiranjiv09@gmail.com, title=Mr, firstName=chiranjiv, lastName=kushwah, dob=2000-03-09, contactNumber=9876543210, password=1234567890, gender=Male, address=mandleshwar),[]>
2023-04-13T13:16:28.440+05:30  INFO 10412 --- [http-nio-9005-exec-8] com.pms.controller.CentralizedLogging    : -----#####----->before @showAvailability:[PA00F687]
2023-04-13T13:16:28.517+05:30  INFO 10412 --- [http-nio-9005-exec-8] com.pms.controller.CentralizedLogging    : -----#####----->after @showAvailability:[PA00F687], result: <200 OK OK,PatientInfo(patientId=PA00F687, email=kushwahchiranjiv09@gmail.com, title=Mr, firstName=chiranjiv, lastName=kushwah, dob=2000-03-09, contactNumber=9876543210, password=1234567890, gender=Male, address=mandleshwar),[]>
2023-04-13T13:16:32.103+05:30  INFO 10412 --- [http-nio-9005-exec-4] com.pms.controller.CentralizedLogging    : -----#####----->before @showAvailability:[PA009790]
2023-04-13T13:16:32.111+05:30  INFO 10412 --- [http-nio-9005-exec-4] com.pms.controller.CentralizedLogging    : -----#####----->after @showAvailability:[PA009790], result: <200 OK OK,PatientInfo(patientId=PA009790, email=ck@gmail.com, title=Mr, firstName=ck, lastName=kushwah, dob=09-03-2000, contactNumber=9876543210, password=1234567890, gender=male, address=khargone),[]>
2023-04-13T13:18:24.049+05:30  INFO 10412 --- [http-nio-9005-exec-9] com.pms.controller.CentralizedLogging    : -----#####----->before @showAvailability:[PA00EA31]
2023-04-13T13:18:24.049+05:30  INFO 10412 --- [http-nio-9005-exec-9] com.pms.controller.CentralizedLogging    : -----#####----->after @showAvailability:[PA00EA31], result: <200 OK OK,PatientInfo(patientId=PA00EA31, email=vinaytiwari123@gmail.com, title=Mr, firstName=vinay, lastName=tiwari, dob=19-10-2000, contactNumber=9876568945, password=1234567890, gender=male, address=mirzapur),[]>
2023-04-13T13:18:33.276+05:30  INFO 10412 --- [http-nio-9005-exec-7] com.pms.controller.CentralizedLogging    : -----#####----->before @showAvailability:[PA00742A]
2023-04-13T13:18:33.284+05:30  INFO 10412 --- [http-nio-9005-exec-7] com.pms.controller.CentralizedLogging    : -----#####----->after @showAvailability:[PA00742A], result: <200 OK OK,PatientInfo(patientId=PA00742A, email=roshansah400@gmail.com, title=Mr, firstName=Roshan, lastName=Sah, dob=24-02-2000, contactNumber=8456451515, password=12345678, gender=male, address=Nepal),[]>
2023-04-13T13:19:02.625+05:30  INFO 10412 --- [http-nio-9005-exec-2] com.pms.controller.CentralizedLogging    : -----#####----->before @showAvailability:[PA003B8D]
2023-04-13T13:19:02.628+05:30  INFO 10412 --- [http-nio-9005-exec-2] com.pms.controller.CentralizedLogging    : -----#####----->after @showAvailability:[PA003B8D], result: <200 OK OK,PatientInfo(patientId=PA003B8D, email=noor@gmail.com, title=Mr, firstName=noor, lastName=ali, dob=2000-03-09, contactNumber=9876543210, password=1234567890, gender=M, address=indore),[]>
2023-04-13T13:21:29.623+05:30  INFO 10412 --- [http-nio-9005-exec-9] com.pms.controller.CentralizedLogging    : -----#####----->before @showAllAvailability:[]
2023-04-13T13:21:29.646+05:30  INFO 10412 --- [http-nio-9005-exec-9] com.pms.controller.CentralizedLogging    : -----#####----->after @showAllAvailability:[], result: <200 OK OK,[PatientInfo(patientId=PA000047, email=rahulprasadrp07@gmail.com, title=Mr, firstName=rahul, lastName=prasad, dob=13-06-2001, contactNumber=9865321478, password=1234567890, gender=male, address=bihar), PatientInfo(patientId=PA003B8D, email=noor@gmail.com, title=Mr, firstName=noor, lastName=ali, dob=2000-03-09, contactNumber=9876543210, password=1234567890, gender=M, address=indore), PatientInfo(patientId=PA00742A, email=roshansah400@gmail.com, title=Mr, firstName=Roshan, lastName=Sah, dob=24-02-2000, contactNumber=8456451515, password=12345678, gender=male, address=Nepal), PatientInfo(patientId=PA009790, email=ck@gmail.com, title=Mr, firstName=ck, lastName=kushwah, dob=09-03-2000, contactNumber=9876543210, password=1234567890, gender=male, address=khargone), PatientInfo(patientId=PA00EA31, email=vinaytiwari123@gmail.com, title=Mr, firstName=vinay, lastName=tiwari, dob=19-10-2000, contactNumber=9876568945, password=1234567890, gender=male, address=mirzapur), PatientInfo(patientId=PA00F687, email=kushwahchiranjiv09@gmail.com, title=Mr, firstName=chiranjiv, lastName=kushwah, dob=2000-03-09, contactNumber=9876543210, password=1234567890, gender=Male, address=mandleshwar)],[]>
2023-04-13T13:21:43.273+05:30  INFO 10412 --- [http-nio-9005-exec-7] com.pms.controller.CentralizedLogging    : -----#####----->before @showAllAvailability:[]
2023-04-13T13:21:43.283+05:30  INFO 10412 --- [http-nio-9005-exec-7] com.pms.controller.CentralizedLogging    : -----#####----->after @showAllAvailability:[], result: <200 OK OK,[PatientInfo(patientId=PA000047, email=rahulprasadrp07@gmail.com, title=Mr, firstName=rahul, lastName=prasad, dob=13-06-2001, contactNumber=9865321478, password=1234567890, gender=male, address=bihar), PatientInfo(patientId=PA003B8D, email=noor@gmail.com, title=Mr, firstName=noor, lastName=ali, dob=2000-03-09, contactNumber=9876543210, password=1234567890, gender=M, address=indore), PatientInfo(patientId=PA00742A, email=roshansah400@gmail.com, title=Mr, firstName=Roshan, lastName=Sah, dob=24-02-2000, contactNumber=8456451515, password=12345678, gender=male, address=Nepal), PatientInfo(patientId=PA009790, email=ck@gmail.com, title=Mr, firstName=ck, lastName=kushwah, dob=09-03-2000, contactNumber=9876543210, password=1234567890, gender=male, address=khargone), PatientInfo(patientId=PA00EA31, email=vinaytiwari123@gmail.com, title=Mr, firstName=vinay, lastName=tiwari, dob=19-10-2000, contactNumber=9876568945, password=1234567890, gender=male, address=mirzapur), PatientInfo(patientId=PA00F687, email=kushwahchiranjiv09@gmail.com, title=Mr, firstName=chiranjiv, lastName=kushwah, dob=2000-03-09, contactNumber=9876543210, password=1234567890, gender=Male, address=mandleshwar)],[]>
2023-04-13T13:59:27.660+05:30  INFO 10412 --- [http-nio-9005-exec-7] com.pms.controller.CentralizedLogging    : -----#####----->before @showAllAvailability:[]
2023-04-13T13:59:27.808+05:30  INFO 10412 --- [http-nio-9005-exec-7] com.pms.controller.CentralizedLogging    : -----#####----->after @showAllAvailability:[], result: <200 OK OK,[PatientInfo(patientId=PA000047, email=rahulprasadrp07@gmail.com, title=Mr, firstName=rahul, lastName=prasad, dob=13-06-2001, contactNumber=9865321478, password=1234567890, gender=male, address=bihar), PatientInfo(patientId=PA003B8D, email=noor@gmail.com, title=Mr, firstName=noor, lastName=ali, dob=2000-03-09, contactNumber=9876543210, password=1234567890, gender=M, address=indore), PatientInfo(patientId=PA00742A, email=roshansah400@gmail.com, title=Mr, firstName=Roshan, lastName=Sah, dob=24-02-2000, contactNumber=8456451515, password=12345678, gender=male, address=Nepal), PatientInfo(patientId=PA009790, email=ck@gmail.com, title=Mr, firstName=ck, lastName=kushwah, dob=09-03-2000, contactNumber=9876543210, password=1234567890, gender=male, address=khargone), PatientInfo(patientId=PA00EA31, email=vinaytiwari123@gmail.com, title=Mr, firstName=vinay, lastName=tiwari, dob=19-10-2000, contactNumber=9876568945, password=1234567890, gender=male, address=mirzapur), PatientInfo(patientId=PA00F687, email=kushwahchiranjiv09@gmail.com, title=Mr, firstName=chiranjiv, lastName=kushwah, dob=2000-03-09, contactNumber=9876543210, password=1234567890, gender=Male, address=mandleshwar)],[]>
2023-04-13T14:01:03.989+05:30  INFO 10412 --- [http-nio-9005-exec-7] com.pms.controller.CentralizedLogging    : -----#####----->before @showAllAvailability:[]
2023-04-13T14:01:03.996+05:30  INFO 10412 --- [http-nio-9005-exec-7] com.pms.controller.CentralizedLogging    : -----#####----->after @showAllAvailability:[], result: <200 OK OK,[PatientInfo(patientId=PA000047, email=rahulprasadrp07@gmail.com, title=Mr, firstName=rahul, lastName=prasad, dob=13-06-2001, contactNumber=9865321478, password=1234567890, gender=male, address=bihar), PatientInfo(patientId=PA003B8D, email=noor@gmail.com, title=Mr, firstName=noor, lastName=ali, dob=2000-03-09, contactNumber=9876543210, password=1234567890, gender=M, address=indore), PatientInfo(patientId=PA00742A, email=roshansah400@gmail.com, title=Mr, firstName=Roshan, lastName=Sah, dob=24-02-2000, contactNumber=8456451515, password=12345678, gender=male, address=Nepal), PatientInfo(patientId=PA009790, email=ck@gmail.com, title=Mr, firstName=ck, lastName=kushwah, dob=09-03-2000, contactNumber=9876543210, password=1234567890, gender=male, address=khargone), PatientInfo(patientId=PA00EA31, email=vinaytiwari123@gmail.com, title=Mr, firstName=vinay, lastName=tiwari, dob=19-10-2000, contactNumber=9876568945, password=1234567890, gender=male, address=mirzapur), PatientInfo(patientId=PA00F687, email=kushwahchiranjiv09@gmail.com, title=Mr, firstName=chiranjiv, lastName=kushwah, dob=2000-03-09, contactNumber=9876543210, password=1234567890, gender=Male, address=mandleshwar)],[]>
2023-04-13T14:08:45.171+05:30  INFO 10412 --- [http-nio-9005-exec-10] com.pms.controller.CentralizedLogging    : -----#####----->before @showAllAvailability:[]
2023-04-13T14:08:45.195+05:30  INFO 10412 --- [http-nio-9005-exec-10] com.pms.controller.CentralizedLogging    : -----#####----->after @showAllAvailability:[], result: <200 OK OK,[PatientInfo(patientId=PA000047, email=rahulprasadrp07@gmail.com, title=Mr, firstName=rahul, lastName=prasad, dob=13-06-2001, contactNumber=9865321478, password=1234567890, gender=male, address=bihar), PatientInfo(patientId=PA003B8D, email=noor@gmail.com, title=Mr, firstName=noor, lastName=ali, dob=2000-03-09, contactNumber=9876543210, password=1234567890, gender=M, address=indore), PatientInfo(patientId=PA00742A, email=roshansah400@gmail.com, title=Mr, firstName=Roshan, lastName=Sah, dob=24-02-2000, contactNumber=8456451515, password=12345678, gender=male, address=Nepal), PatientInfo(patientId=PA009790, email=ck@gmail.com, title=Mr, firstName=ck, lastName=kushwah, dob=09-03-2000, contactNumber=9876543210, password=1234567890, gender=male, address=khargone), PatientInfo(patientId=PA00EA31, email=vinaytiwari123@gmail.com, title=Mr, firstName=vinay, lastName=tiwari, dob=19-10-2000, contactNumber=9876568945, password=1234567890, gender=male, address=mirzapur), PatientInfo(patientId=PA00F687, email=kushwahchiranjiv09@gmail.com, title=Mr, firstName=chiranjiv, lastName=kushwah, dob=2000-03-09, contactNumber=9876543210, password=1234567890, gender=Male, address=mandleshwar)],[]>
2023-04-13T14:09:21.110+05:30  INFO 10412 --- [http-nio-9005-exec-5] com.pms.controller.CentralizedLogging    : -----#####----->before @showAllAvailability:[]
2023-04-13T14:09:21.119+05:30  INFO 10412 --- [http-nio-9005-exec-5] com.pms.controller.CentralizedLogging    : -----#####----->after @showAllAvailability:[], result: <200 OK OK,[PatientInfo(patientId=PA000047, email=rahulprasadrp07@gmail.com, title=Mr, firstName=rahul, lastName=prasad, dob=13-06-2001, contactNumber=9865321478, password=1234567890, gender=male, address=bihar), PatientInfo(patientId=PA003B8D, email=noor@gmail.com, title=Mr, firstName=noor, lastName=ali, dob=2000-03-09, contactNumber=9876543210, password=1234567890, gender=M, address=indore), PatientInfo(patientId=PA00742A, email=roshansah400@gmail.com, title=Mr, firstName=Roshan, lastName=Sah, dob=24-02-2000, contactNumber=8456451515, password=12345678, gender=male, address=Nepal), PatientInfo(patientId=PA009790, email=ck@gmail.com, title=Mr, firstName=ck, lastName=kushwah, dob=09-03-2000, contactNumber=9876543210, password=1234567890, gender=male, address=khargone), PatientInfo(patientId=PA00EA31, email=vinaytiwari123@gmail.com, title=Mr, firstName=vinay, lastName=tiwari, dob=19-10-2000, contactNumber=9876568945, password=1234567890, gender=male, address=mirzapur), PatientInfo(patientId=PA00F687, email=kushwahchiranjiv09@gmail.com, title=Mr, firstName=chiranjiv, lastName=kushwah, dob=2000-03-09, contactNumber=9876543210, password=1234567890, gender=Male, address=mandleshwar)],[]>
2023-04-13T14:11:48.308+05:30  INFO 10412 --- [http-nio-9005-exec-3] com.pms.controller.CentralizedLogging    : -----#####----->before @showAllAvailability:[]
2023-04-13T14:11:48.308+05:30  INFO 10412 --- [http-nio-9005-exec-3] com.pms.controller.CentralizedLogging    : -----#####----->after @showAllAvailability:[], result: <200 OK OK,[PatientInfo(patientId=PA000047, email=rahulprasadrp07@gmail.com, title=Mr, firstName=rahul, lastName=prasad, dob=13-06-2001, contactNumber=9865321478, password=1234567890, gender=male, address=bihar), PatientInfo(patientId=PA003B8D, email=noor@gmail.com, title=Mr, firstName=noor, lastName=ali, dob=2000-03-09, contactNumber=9876543210, password=1234567890, gender=M, address=indore), PatientInfo(patientId=PA00742A, email=roshansah400@gmail.com, title=Mr, firstName=Roshan, lastName=Sah, dob=24-02-2000, contactNumber=8456451515, password=12345678, gender=male, address=Nepal), PatientInfo(patientId=PA009790, email=ck@gmail.com, title=Mr, firstName=ck, lastName=kushwah, dob=09-03-2000, contactNumber=9876543210, password=1234567890, gender=male, address=khargone), PatientInfo(patientId=PA00EA31, email=vinaytiwari123@gmail.com, title=Mr, firstName=vinay, lastName=tiwari, dob=19-10-2000, contactNumber=9876568945, password=1234567890, gender=male, address=mirzapur), PatientInfo(patientId=PA00F687, email=kushwahchiranjiv09@gmail.com, title=Mr, firstName=chiranjiv, lastName=kushwah, dob=2000-03-09, contactNumber=9876543210, password=1234567890, gender=Male, address=mandleshwar)],[]>
2023-04-13T14:31:32.015+05:30  INFO 10412 --- [http-nio-9005-exec-7] com.pms.controller.CentralizedLogging    : -----#####----->before @showAvailability:[PA00F687]
2023-04-13T14:31:32.191+05:30  INFO 10412 --- [http-nio-9005-exec-7] com.pms.controller.CentralizedLogging    : -----#####----->after @showAvailability:[PA00F687], result: <200 OK OK,PatientInfo(patientId=PA00F687, email=kushwahchiranjiv09@gmail.com, title=Mr, firstName=chiranjiv, lastName=kushwah, dob=2000-03-09, contactNumber=9876543210, password=1234567890, gender=Male, address=mandleshwar),[]>
2023-04-13T14:31:35.328+05:30  INFO 10412 --- [http-nio-9005-exec-10] com.pms.controller.CentralizedLogging    : -----#####----->before @showAvailability:[PA00742A]
2023-04-13T14:31:35.334+05:30  INFO 10412 --- [http-nio-9005-exec-10] com.pms.controller.CentralizedLogging    : -----#####----->after @showAvailability:[PA00742A], result: <200 OK OK,PatientInfo(patientId=PA00742A, email=roshansah400@gmail.com, title=Mr, firstName=Roshan, lastName=Sah, dob=24-02-2000, contactNumber=8456451515, password=12345678, gender=male, address=Nepal),[]>
2023-04-13T14:31:44.338+05:30  INFO 10412 --- [http-nio-9005-exec-1] com.pms.controller.CentralizedLogging    : -----#####----->before @showAvailability:[PA00F687]
2023-04-13T14:31:44.346+05:30  INFO 10412 --- [http-nio-9005-exec-1] com.pms.controller.CentralizedLogging    : -----#####----->after @showAvailability:[PA00F687], result: <200 OK OK,PatientInfo(patientId=PA00F687, email=kushwahchiranjiv09@gmail.com, title=Mr, firstName=chiranjiv, lastName=kushwah, dob=2000-03-09, contactNumber=9876543210, password=1234567890, gender=Male, address=mandleshwar),[]>
2023-04-13T14:37:31.562+05:30  INFO 10412 --- [http-nio-9005-exec-1] com.pms.controller.CentralizedLogging    : -----#####----->before @showAvailability:[PA00F687]
2023-04-13T14:37:31.569+05:30  INFO 10412 --- [http-nio-9005-exec-1] com.pms.controller.CentralizedLogging    : -----#####----->after @showAvailability:[PA00F687], result: <200 OK OK,PatientInfo(patientId=PA00F687, email=kushwahchiranjiv09@gmail.com, title=Mr, firstName=chiranjiv, lastName=kushwah, dob=2000-03-09, contactNumber=9876543210, password=1234567890, gender=Male, address=mandleshwar),[]>
2023-04-13T14:42:27.338+05:30  INFO 10412 --- [http-nio-9005-exec-7] com.pms.controller.CentralizedLogging    : -----#####----->before @showAvailability:[PA00F687]
2023-04-13T14:42:27.343+05:30  INFO 10412 --- [http-nio-9005-exec-7] com.pms.controller.CentralizedLogging    : -----#####----->after @showAvailability:[PA00F687], result: <200 OK OK,PatientInfo(patientId=PA00F687, email=kushwahchiranjiv09@gmail.com, title=Mr, firstName=chiranjiv, lastName=kushwah, dob=2000-03-09, contactNumber=9876543210, password=1234567890, gender=Male, address=mandleshwar),[]>
2023-04-13T14:42:33.398+05:30  INFO 10412 --- [http-nio-9005-exec-6] com.pms.controller.CentralizedLogging    : -----#####----->before @showAvailability:[PA00F687]
2023-04-13T14:42:33.406+05:30  INFO 10412 --- [http-nio-9005-exec-6] com.pms.controller.CentralizedLogging    : -----#####----->after @showAvailability:[PA00F687], result: <200 OK OK,PatientInfo(patientId=PA00F687, email=kushwahchiranjiv09@gmail.com, title=Mr, firstName=chiranjiv, lastName=kushwah, dob=2000-03-09, contactNumber=9876543210, password=1234567890, gender=Male, address=mandleshwar),[]>
2023-04-13T14:50:06.767+05:30  INFO 10412 --- [http-nio-9005-exec-10] com.pms.controller.CentralizedLogging    : -----#####----->before @showAvailability:[PA00F687]
2023-04-13T14:50:06.786+05:30  INFO 10412 --- [http-nio-9005-exec-10] com.pms.controller.CentralizedLogging    : -----#####----->after @showAvailability:[PA00F687], result: <200 OK OK,PatientInfo(patientId=PA00F687, email=kushwahchiranjiv09@gmail.com, title=Mr, firstName=chiranjiv, lastName=kushwah, dob=2000-03-09, contactNumber=9876543210, password=1234567890, gender=Male, address=mandleshwar),[]>
2023-04-13T15:44:32.736+05:30  INFO 10412 --- [http-nio-9005-exec-5] com.pms.controller.CentralizedLogging    : -----#####----->before @showAvailability:[PA00EA31]
2023-04-13T15:44:32.804+05:30  INFO 10412 --- [http-nio-9005-exec-5] com.pms.controller.CentralizedLogging    : -----#####----->after @showAvailability:[PA00EA31], result: <200 OK OK,PatientInfo(patientId=PA00EA31, email=vinaytiwari123@gmail.com, title=Mr, firstName=vinay, lastName=tiwari, dob=19-10-2000, contactNumber=9876568945, password=1234567890, gender=male, address=mirzapur),[]>
2023-04-13T15:45:53.885+05:30  INFO 10412 --- [http-nio-9005-exec-2] com.pms.controller.CentralizedLogging    : -----#####----->before @showAvailability:[PA00F687]
2023-04-13T15:45:53.894+05:30  INFO 10412 --- [http-nio-9005-exec-2] com.pms.controller.CentralizedLogging    : -----#####----->after @showAvailability:[PA00F687], result: <200 OK OK,PatientInfo(patientId=PA00F687, email=kushwahchiranjiv09@gmail.com, title=Mr, firstName=chiranjiv, lastName=kushwah, dob=2000-03-09, contactNumber=9876543210, password=1234567890, gender=Male, address=mandleshwar),[]>
2023-04-13T15:45:58.025+05:30  INFO 10412 --- [http-nio-9005-exec-5] com.pms.controller.CentralizedLogging    : -----#####----->before @showAvailability:[PA00F687]
2023-04-13T15:45:58.030+05:30  INFO 10412 --- [http-nio-9005-exec-5] com.pms.controller.CentralizedLogging    : -----#####----->after @showAvailability:[PA00F687], result: <200 OK OK,PatientInfo(patientId=PA00F687, email=kushwahchiranjiv09@gmail.com, title=Mr, firstName=chiranjiv, lastName=kushwah, dob=2000-03-09, contactNumber=9876543210, password=1234567890, gender=Male, address=mandleshwar),[]>
2023-04-13T15:46:53.586+05:30  INFO 10412 --- [http-nio-9005-exec-10] com.pms.controller.CentralizedLogging    : -----#####----->before @showAvailability:[PA000047]
2023-04-13T15:46:53.600+05:30  INFO 10412 --- [http-nio-9005-exec-10] com.pms.controller.CentralizedLogging    : -----#####----->after @showAvailability:[PA000047], result: <200 OK OK,PatientInfo(patientId=PA000047, email=rahulprasadrp07@gmail.com, title=Mr, firstName=rahul, lastName=prasad, dob=13-06-2001, contactNumber=9865321478, password=1234567890, gender=male, address=bihar),[]>
2023-04-13T15:46:54.650+05:30  INFO 10412 --- [http-nio-9005-exec-6] com.pms.controller.CentralizedLogging    : -----#####----->before @showAvailability:[PA00F687]
2023-04-13T15:46:54.653+05:30  INFO 10412 --- [http-nio-9005-exec-6] com.pms.controller.CentralizedLogging    : -----#####----->after @showAvailability:[PA00F687], result: <200 OK OK,PatientInfo(patientId=PA00F687, email=kushwahchiranjiv09@gmail.com, title=Mr, firstName=chiranjiv, lastName=kushwah, dob=2000-03-09, contactNumber=9876543210, password=1234567890, gender=Male, address=mandleshwar),[]>
2023-04-13T15:47:08.530+05:30  INFO 10412 --- [http-nio-9005-exec-2] com.pms.controller.CentralizedLogging    : -----#####----->before @showAvailability:[PA00F687]
2023-04-13T15:47:08.541+05:30  INFO 10412 --- [http-nio-9005-exec-2] com.pms.controller.CentralizedLogging    : -----#####----->after @showAvailability:[PA00F687], result: <200 OK OK,PatientInfo(patientId=PA00F687, email=kushwahchiranjiv09@gmail.com, title=Mr, firstName=chiranjiv, lastName=kushwah, dob=2000-03-09, contactNumber=9876543210, password=1234567890, gender=Male, address=mandleshwar),[]>
2023-04-13T15:55:45.107+05:30  INFO 10412 --- [http-nio-9005-exec-3] com.pms.controller.CentralizedLogging    : -----#####----->before @showAllAvailability:[]
2023-04-13T15:55:45.145+05:30  INFO 10412 --- [http-nio-9005-exec-3] com.pms.controller.CentralizedLogging    : -----#####----->after @showAllAvailability:[], result: <200 OK OK,[PatientInfo(patientId=PA000047, email=rahulprasadrp07@gmail.com, title=Mr, firstName=rahul, lastName=prasad, dob=13-06-2001, contactNumber=9865321478, password=1234567890, gender=male, address=bihar), PatientInfo(patientId=PA00742A, email=noorsiwan, title=Mr, firstName=Roshan, lastName=Sah, dob=24-02-2000, contactNumber=8456451515, password=12345678, gender=male, address=Nepal), PatientInfo(patientId=PA009790, email=ck@gmail.com, title=Mr, firstName=ck, lastName=kushwah, dob=09-03-2000, contactNumber=9876543210, password=1234567890, gender=male, address=khargone), PatientInfo(patientId=PA00EA31, email=vinaytiwari123@gmail.com, title=Mr, firstName=vinay, lastName=tiwari, dob=19-10-2000, contactNumber=9876568945, password=1234567890, gender=male, address=mirzapur), PatientInfo(patientId=PA00F687, email=kushwahchiranjiv09@gmail.com, title=Mr, firstName=chiranjiv, lastName=kushwah, dob=2000-03-09, contactNumber=9876543210, password=1234567890, gender=Male, address=mandleshwar)],[]>
2023-04-13T15:56:03.211+05:30  INFO 10412 --- [http-nio-9005-exec-10] com.pms.controller.CentralizedLogging    : -----#####----->before @showAllAvailability:[]
2023-04-13T15:56:03.232+05:30  INFO 10412 --- [http-nio-9005-exec-10] com.pms.controller.CentralizedLogging    : -----#####----->after @showAllAvailability:[], result: <200 OK OK,[PatientInfo(patientId=PA000047, email=rahulprasadrp07@gmail.com, title=Mr, firstName=rahul, lastName=prasad, dob=13-06-2001, contactNumber=9865321478, password=1234567890, gender=male, address=bihar), PatientInfo(patientId=PA00742A, email=noorsiwan, title=Mr, firstName=Roshan, lastName=Sah, dob=24-02-2000, contactNumber=8456451515, password=12345678, gender=male, address=Nepal), PatientInfo(patientId=PA009790, email=ck@gmail.com, title=Mr, firstName=ck, lastName=kushwah, dob=09-03-2000, contactNumber=9876543210, password=1234567890, gender=male, address=khargone), PatientInfo(patientId=PA00EA31, email=vinaytiwari123@gmail.com, title=Mr, firstName=vinay, lastName=tiwari, dob=19-10-2000, contactNumber=9876568945, password=1234567890, gender=male, address=mirzapur), PatientInfo(patientId=PA00F687, email=kushwahchiranjiv09@gmail.com, title=Mr, firstName=chiranjiv, lastName=kushwah, dob=2000-03-09, contactNumber=9876543210, password=1234567890, gender=Male, address=mandleshwar)],[]>
2023-04-13T16:05:55.862+05:30  INFO 10412 --- [http-nio-9005-exec-1] com.pms.controller.CentralizedLogging    : -----#####----->before @showAvailability:[PA000047]
2023-04-13T16:05:55.933+05:30  INFO 10412 --- [http-nio-9005-exec-1] com.pms.controller.CentralizedLogging    : -----#####----->after @showAvailability:[PA000047], result: <200 OK OK,PatientInfo(patientId=PA000047, email=rahulprasadrp07@gmail.com, title=Mr, firstName=rahul, lastName=prasad, dob=13-06-2001, contactNumber=9865321478, password=1234567890, gender=male, address=bihar),[]>
2023-04-13T16:07:08.504+05:30  INFO 10412 --- [http-nio-9005-exec-10] com.pms.controller.CentralizedLogging    : -----#####----->before @showAvailability:[PA00F687]
2023-04-13T16:07:08.511+05:30  INFO 10412 --- [http-nio-9005-exec-10] com.pms.controller.CentralizedLogging    : -----#####----->after @showAvailability:[PA00F687], result: <200 OK OK,PatientInfo(patientId=PA00F687, email=kushwahchiranjiv09@gmail.com, title=Mr, firstName=chiranjiv, lastName=kushwah, dob=2000-03-09, contactNumber=9876543210, password=1234567890, gender=Male, address=mandleshwar),[]>
2023-04-13T16:12:58.163+05:30  INFO 10412 --- [http-nio-9005-exec-6] com.pms.controller.CentralizedLogging    : -----#####----->before @showAvailability:[PA00F687]
2023-04-13T16:12:58.247+05:30  INFO 10412 --- [http-nio-9005-exec-6] com.pms.controller.CentralizedLogging    : -----#####----->after @showAvailability:[PA00F687], result: <200 OK OK,PatientInfo(patientId=PA00F687, email=kushwahchiranjiv09@gmail.com, title=Mr, firstName=chiranjiv, lastName=kushwah, dob=2000-03-09, contactNumber=9876543210, password=1234567890, gender=Male, address=mandleshwar),[]>
2023-04-13T16:16:23.985+05:30  INFO 10412 --- [http-nio-9005-exec-10] com.pms.controller.CentralizedLogging    : -----#####----->before @showAvailability:[PA00F687]
2023-04-13T16:16:23.985+05:30  INFO 10412 --- [http-nio-9005-exec-10] com.pms.controller.CentralizedLogging    : -----#####----->after @showAvailability:[PA00F687], result: <200 OK OK,PatientInfo(patientId=PA00F687, email=kushwahchiranjiv09@gmail.com, title=Mr, firstName=chiranjiv, lastName=kushwah, dob=2000-03-09, contactNumber=9876543210, password=1234567890, gender=Male, address=mandleshwar),[]>
2023-04-13T17:32:31.641+05:30  INFO 10412 --- [http-nio-9005-exec-1] com.pms.controller.CentralizedLogging    : -----#####----->before @showAllAvailability:[]
2023-04-13T17:32:31.832+05:30  INFO 10412 --- [http-nio-9005-exec-1] com.pms.controller.CentralizedLogging    : -----#####----->after @showAllAvailability:[], result: <200 OK OK,[PatientInfo(patientId=PA000047, email=rahulprasadrp07@gmail.com, title=Mr, firstName=rahul, lastName=prasad, dob=13-06-2001, contactNumber=9865321478, password=1234567890, gender=male, address=bihar), PatientInfo(patientId=PA00742A, email=roshan@gmail.com, title=Mr, firstName=Roshan, lastName=Sah, dob=24-02-2000, contactNumber=8456451515, password=12345678, gender=male, address=Nepal), PatientInfo(patientId=PA009790, email=ck@gmail.com, title=Mr, firstName=ck, lastName=kushwah, dob=09-03-2000, contactNumber=9876543210, password=1234567890, gender=male, address=khargone), PatientInfo(patientId=PA00EA31, email=vinaytiwari123@gmail.com, title=Mr, firstName=vinay, lastName=tiwari, dob=19-10-2000, contactNumber=9876568945, password=1234567890, gender=male, address=mirzapur), PatientInfo(patientId=PA00F687, email=kushwahchiranjiv09@gmail.com, title=Mr, firstName=chiranjiv, lastName=kushwah, dob=2000-03-09, contactNumber=9876543210, password=1234567890, gender=Male, address=mandleshwar)],[]>
2023-04-13T17:44:55.370+05:30  INFO 10412 --- [http-nio-9005-exec-4] com.pms.controller.CentralizedLogging    : -----#####----->before @showAvailability:[PA00F687]
2023-04-13T17:44:55.430+05:30  INFO 10412 --- [http-nio-9005-exec-4] com.pms.controller.CentralizedLogging    : -----#####----->after @showAvailability:[PA00F687], result: <200 OK OK,PatientInfo(patientId=PA00F687, email=kushwahchiranjiv09@gmail.com, title=Mr, firstName=chiranjiv, lastName=kushwah, dob=2000-03-09, contactNumber=9876543210, password=1234567890, gender=Male, address=mandleshwar),[]>
2023-04-13T17:46:07.620+05:30  INFO 10412 --- [http-nio-9005-exec-5] com.pms.controller.CentralizedLogging    : -----#####----->before @showAvailability:[PA00F687]
2023-04-13T17:46:07.634+05:30  INFO 10412 --- [http-nio-9005-exec-5] com.pms.controller.CentralizedLogging    : -----#####----->after @showAvailability:[PA00F687], result: <200 OK OK,PatientInfo(patientId=PA00F687, email=kushwahchiranjiv09@gmail.com, title=Mr, firstName=chiranjiv, lastName=kushwah, dob=2000-03-09, contactNumber=9876543210, password=1234567890, gender=Male, address=mandleshwar),[]>
2023-04-13T17:48:18.823+05:30  INFO 10412 --- [http-nio-9005-exec-9] com.pms.controller.CentralizedLogging    : -----#####----->before @showAvailability:[PA00F687]
2023-04-13T17:48:18.831+05:30  INFO 10412 --- [http-nio-9005-exec-9] com.pms.controller.CentralizedLogging    : -----#####----->after @showAvailability:[PA00F687], result: <200 OK OK,PatientInfo(patientId=PA00F687, email=kushwahchiranjiv09@gmail.com, title=Mr, firstName=chiranjiv, lastName=kushwah, dob=2000-03-09, contactNumber=9876543210, password=1234567890, gender=Male, address=mandleshwar),[]>
2023-04-13T17:52:56.865+05:30  INFO 10412 --- [http-nio-9005-exec-1] com.pms.controller.CentralizedLogging    : -----#####----->before @showAvailability:[PA00F687]
2023-04-13T17:52:56.875+05:30  INFO 10412 --- [http-nio-9005-exec-1] com.pms.controller.CentralizedLogging    : -----#####----->after @showAvailability:[PA00F687], result: <200 OK OK,PatientInfo(patientId=PA00F687, email=kushwahchiranjiv09@gmail.com, title=Mr, firstName=chiranjiv, lastName=kushwah, dob=2000-03-09, contactNumber=9876543210, password=1234567890, gender=Male, address=mandleshwar),[]>
2023-04-13T17:55:05.006+05:30  INFO 10412 --- [http-nio-9005-exec-8] com.pms.controller.CentralizedLogging    : -----#####----->before @showAvailability:[PA00F687]
2023-04-13T17:55:05.019+05:30  INFO 10412 --- [http-nio-9005-exec-8] com.pms.controller.CentralizedLogging    : -----#####----->after @showAvailability:[PA00F687], result: <200 OK OK,PatientInfo(patientId=PA00F687, email=kushwahchiranjiv09@gmail.com, title=Mr, firstName=chiranjiv, lastName=kushwah, dob=2000-03-09, contactNumber=9876543210, password=1234567890, gender=Male, address=mandleshwar),[]>
2023-04-13T17:56:09.593+05:30  INFO 10412 --- [http-nio-9005-exec-1] com.pms.controller.CentralizedLogging    : -----#####----->before @showAvailability:[PA00F687]
2023-04-13T17:56:09.605+05:30  INFO 10412 --- [http-nio-9005-exec-1] com.pms.controller.CentralizedLogging    : -----#####----->after @showAvailability:[PA00F687], result: <200 OK OK,PatientInfo(patientId=PA00F687, email=kushwahchiranjiv09@gmail.com, title=Mr, firstName=chiranjiv, lastName=kushwah, dob=2000-03-09, contactNumber=9876543210, password=1234567890, gender=Male, address=mandleshwar),[]>
